[0.402s] Invoking command in '/home/mte/projects/AVAI/allassignments-gruppe-e/Assignment03/perception': PYTHONPATH=/home/mte/projects/AVAI/allassignments-gruppe-e/Assignment03/install/perception/lib/python3.8/site-packages:${PYTHONPATH} /usr/bin/python3 setup.py egg_info --egg-base ../build/perception build --build-base /home/mte/projects/AVAI/allassignments-gruppe-e/Assignment03/build/perception/build install --prefix /home/mte/projects/AVAI/allassignments-gruppe-e/Assignment03/install/perception --record /home/mte/projects/AVAI/allassignments-gruppe-e/Assignment03/build/perception/install.log --single-version-externally-managed
[0.535s] running egg_info
[0.536s] writing ../build/perception/perception.egg-info/PKG-INFO
[0.536s] writing dependency_links to ../build/perception/perception.egg-info/dependency_links.txt
[0.536s] writing entry points to ../build/perception/perception.egg-info/entry_points.txt
[0.536s] writing requirements to ../build/perception/perception.egg-info/requires.txt
[0.537s] writing top-level names to ../build/perception/perception.egg-info/top_level.txt
[0.569s] reading manifest file '../build/perception/perception.egg-info/SOURCES.txt'
[0.569s] writing manifest file '../build/perception/perception.egg-info/SOURCES.txt'
[0.570s] running build
[0.570s] running build_py
[0.570s] copying perception/cone_detection.py -> /home/mte/projects/AVAI/allassignments-gruppe-e/Assignment03/build/perception/build/lib/perception
[0.570s] running install
[0.571s] running install_lib
[0.571s] copying /home/mte/projects/AVAI/allassignments-gruppe-e/Assignment03/build/perception/build/lib/perception/cone_detection.py -> /home/mte/projects/AVAI/allassignments-gruppe-e/Assignment03/install/perception/lib/python3.8/site-packages/perception
[0.572s] byte-compiling /home/mte/projects/AVAI/allassignments-gruppe-e/Assignment03/install/perception/lib/python3.8/site-packages/perception/cone_detection.py to cone_detection.cpython-38.pyc
[0.573s] running install_data
[0.574s] running install_egg_info
[0.576s] removing '/home/mte/projects/AVAI/allassignments-gruppe-e/Assignment03/install/perception/lib/python3.8/site-packages/perception-0.0.0-py3.8.egg-info' (and everything under it)
[0.576s] Copying ../build/perception/perception.egg-info to /home/mte/projects/AVAI/allassignments-gruppe-e/Assignment03/install/perception/lib/python3.8/site-packages/perception-0.0.0-py3.8.egg-info
[0.577s] running install_scripts
[0.595s] Installing cone_detection script to /home/mte/projects/AVAI/allassignments-gruppe-e/Assignment03/install/perception/lib/perception
[0.595s] writing list of installed files to '/home/mte/projects/AVAI/allassignments-gruppe-e/Assignment03/build/perception/install.log'
[0.642s] Invoked command in '/home/mte/projects/AVAI/allassignments-gruppe-e/Assignment03/perception' returned '0': PYTHONPATH=/home/mte/projects/AVAI/allassignments-gruppe-e/Assignment03/install/perception/lib/python3.8/site-packages:${PYTHONPATH} /usr/bin/python3 setup.py egg_info --egg-base ../build/perception build --build-base /home/mte/projects/AVAI/allassignments-gruppe-e/Assignment03/build/perception/build install --prefix /home/mte/projects/AVAI/allassignments-gruppe-e/Assignment03/install/perception --record /home/mte/projects/AVAI/allassignments-gruppe-e/Assignment03/build/perception/install.log --single-version-externally-managed
