[0.448s] Invoking command in '/home/mte/projects/AVAI/allassignments-gruppe-e/Assignment03/perception': CONDA_PROMPT_MODIFIER=(yolo) PYTHONPATH=/home/mte/projects/AVAI/allassignments-gruppe-e/Assignment03/install/perception/lib/python3.8/site-packages:${PYTHONPATH} /usr/bin/python3 setup.py egg_info --egg-base ../build/perception build --build-base /home/mte/projects/AVAI/allassignments-gruppe-e/Assignment03/build/perception/build install --prefix /home/mte/projects/AVAI/allassignments-gruppe-e/Assignment03/install/perception --record /home/mte/projects/AVAI/allassignments-gruppe-e/Assignment03/build/perception/install.log --single-version-externally-managed
[0.661s] running egg_info
[0.661s] writing ../build/perception/perception.egg-info/PKG-INFO
[0.662s] writing dependency_links to ../build/perception/perception.egg-info/dependency_links.txt
[0.662s] writing entry points to ../build/perception/perception.egg-info/entry_points.txt
[0.662s] writing requirements to ../build/perception/perception.egg-info/requires.txt
[0.663s] writing top-level names to ../build/perception/perception.egg-info/top_level.txt
[0.694s] reading manifest file '../build/perception/perception.egg-info/SOURCES.txt'
[0.694s] writing manifest file '../build/perception/perception.egg-info/SOURCES.txt'
[0.694s] running build
[0.694s] running build_py
[0.694s] copying perception/cone_detection_node.py -> /home/mte/projects/AVAI/allassignments-gruppe-e/Assignment03/build/perception/build/lib/perception
[0.694s] running install
[0.695s] running install_lib
[0.695s] copying /home/mte/projects/AVAI/allassignments-gruppe-e/Assignment03/build/perception/build/lib/perception/cone_detection_node.py -> /home/mte/projects/AVAI/allassignments-gruppe-e/Assignment03/install/perception/lib/python3.8/site-packages/perception
[0.696s] byte-compiling /home/mte/projects/AVAI/allassignments-gruppe-e/Assignment03/install/perception/lib/python3.8/site-packages/perception/cone_detection_node.py to cone_detection_node.cpython-38.pyc
[0.697s] running install_data
[0.697s] running install_egg_info
[0.698s] removing '/home/mte/projects/AVAI/allassignments-gruppe-e/Assignment03/install/perception/lib/python3.8/site-packages/perception-0.0.0-py3.8.egg-info' (and everything under it)
[0.699s] Copying ../build/perception/perception.egg-info to /home/mte/projects/AVAI/allassignments-gruppe-e/Assignment03/install/perception/lib/python3.8/site-packages/perception-0.0.0-py3.8.egg-info
[0.700s] running install_scripts
[0.711s] Installing cone_detection script to /home/mte/projects/AVAI/allassignments-gruppe-e/Assignment03/install/perception/lib/perception
[0.712s] writing list of installed files to '/home/mte/projects/AVAI/allassignments-gruppe-e/Assignment03/build/perception/install.log'
[0.734s] Invoked command in '/home/mte/projects/AVAI/allassignments-gruppe-e/Assignment03/perception' returned '0': CONDA_PROMPT_MODIFIER=(yolo) PYTHONPATH=/home/mte/projects/AVAI/allassignments-gruppe-e/Assignment03/install/perception/lib/python3.8/site-packages:${PYTHONPATH} /usr/bin/python3 setup.py egg_info --egg-base ../build/perception build --build-base /home/mte/projects/AVAI/allassignments-gruppe-e/Assignment03/build/perception/build install --prefix /home/mte/projects/AVAI/allassignments-gruppe-e/Assignment03/install/perception --record /home/mte/projects/AVAI/allassignments-gruppe-e/Assignment03/build/perception/install.log --single-version-externally-managed
