[1.990s] Invoking command in '/home/nils/allassignments-gruppe-e/Assignment01_ws/src/image_display': PYTHONPATH=/home/nils/allassignments-gruppe-e/Assignment01_ws/install/image_display/lib/python3.8/site-packages:${PYTHONPATH} /usr/bin/python3 setup.py egg_info --egg-base ../../build/image_display build --build-base /home/nils/allassignments-gruppe-e/Assignment01_ws/build/image_display/build install --prefix /home/nils/allassignments-gruppe-e/Assignment01_ws/install/image_display --record /home/nils/allassignments-gruppe-e/Assignment01_ws/build/image_display/install.log --single-version-externally-managed
[2.642s] running egg_info
[2.644s] creating ../../build/image_display/image_display.egg-info
[2.645s] writing ../../build/image_display/image_display.egg-info/PKG-INFO
[2.646s] writing dependency_links to ../../build/image_display/image_display.egg-info/dependency_links.txt
[2.647s] writing entry points to ../../build/image_display/image_display.egg-info/entry_points.txt
[2.647s] writing requirements to ../../build/image_display/image_display.egg-info/requires.txt
[2.648s] writing top-level names to ../../build/image_display/image_display.egg-info/top_level.txt
[2.652s] writing manifest file '../../build/image_display/image_display.egg-info/SOURCES.txt'
[2.789s] reading manifest file '../../build/image_display/image_display.egg-info/SOURCES.txt'
[2.792s] writing manifest file '../../build/image_display/image_display.egg-info/SOURCES.txt'
[2.793s] running build
[2.793s] running build_py
[2.794s] creating /home/nils/allassignments-gruppe-e/Assignment01_ws/build/image_display/build
[2.794s] creating /home/nils/allassignments-gruppe-e/Assignment01_ws/build/image_display/build/lib
[2.795s] creating /home/nils/allassignments-gruppe-e/Assignment01_ws/build/image_display/build/lib/image_display
[2.796s] copying image_display/__init__.py -> /home/nils/allassignments-gruppe-e/Assignment01_ws/build/image_display/build/lib/image_display
[2.796s] running install
[2.799s] running install_lib
[2.801s] creating /home/nils/allassignments-gruppe-e/Assignment01_ws/install/image_display/lib/python3.8/site-packages/image_display
[2.802s] copying /home/nils/allassignments-gruppe-e/Assignment01_ws/build/image_display/build/lib/image_display/__init__.py -> /home/nils/allassignments-gruppe-e/Assignment01_ws/install/image_display/lib/python3.8/site-packages/image_display
[2.804s] byte-compiling /home/nils/allassignments-gruppe-e/Assignment01_ws/install/image_display/lib/python3.8/site-packages/image_display/__init__.py to __init__.cpython-38.pyc
[2.808s] running install_data
[2.810s] creating /home/nils/allassignments-gruppe-e/Assignment01_ws/install/image_display/share/ament_index
[2.810s] creating /home/nils/allassignments-gruppe-e/Assignment01_ws/install/image_display/share/ament_index/resource_index
[2.811s] creating /home/nils/allassignments-gruppe-e/Assignment01_ws/install/image_display/share/ament_index/resource_index/packages
[2.811s] copying resource/image_display -> /home/nils/allassignments-gruppe-e/Assignment01_ws/install/image_display/share/ament_index/resource_index/packages
[2.812s] copying package.xml -> /home/nils/allassignments-gruppe-e/Assignment01_ws/install/image_display/share/image_display
[2.812s] running install_egg_info
[2.817s] Copying ../../build/image_display/image_display.egg-info to /home/nils/allassignments-gruppe-e/Assignment01_ws/install/image_display/lib/python3.8/site-packages/image_display-0.0.0-py3.8.egg-info
[2.819s] running install_scripts
[2.872s] writing list of installed files to '/home/nils/allassignments-gruppe-e/Assignment01_ws/build/image_display/install.log'
[2.929s] Invoked command in '/home/nils/allassignments-gruppe-e/Assignment01_ws/src/image_display' returned '0': PYTHONPATH=/home/nils/allassignments-gruppe-e/Assignment01_ws/install/image_display/lib/python3.8/site-packages:${PYTHONPATH} /usr/bin/python3 setup.py egg_info --egg-base ../../build/image_display build --build-base /home/nils/allassignments-gruppe-e/Assignment01_ws/build/image_display/build install --prefix /home/nils/allassignments-gruppe-e/Assignment01_ws/install/image_display --record /home/nils/allassignments-gruppe-e/Assignment01_ws/build/image_display/install.log --single-version-externally-managed
