[0.088s] DEBUG:colcon:Command line arguments: ['/usr/bin/colcon', 'build']
[0.088s] DEBUG:colcon:Parsed command line arguments: Namespace(allow_overriding=[], ament_cmake_args=None, base_paths=['.'], build_base='build', catkin_cmake_args=None, catkin_skip_building_tests=False, cmake_args=None, cmake_clean_cache=False, cmake_clean_first=False, cmake_force_configure=False, cmake_target=None, cmake_target_skip_unavailable=False, continue_on_error=False, event_handlers=None, executor='parallel', ignore_user_meta=False, install_base='install', log_base=None, log_level=None, main=<bound method BuildVerb.main of <colcon_core.verb.build.BuildVerb object at 0x7fa208343d90>>, merge_install=False, metas=['./colcon.meta'], packages_above=None, packages_above_and_dependencies=None, packages_above_depth=None, packages_end=None, packages_ignore=None, packages_ignore_regex=None, packages_select=None, packages_select_build_failed=False, packages_select_by_dep=None, packages_select_regex=None, packages_select_test_failures=False, packages_skip=None, packages_skip_build_finished=False, packages_skip_by_dep=None, packages_skip_regex=None, packages_skip_test_passed=False, packages_skip_up_to=None, packages_start=None, packages_up_to=None, packages_up_to_regex=None, parallel_workers=16, paths=None, symlink_install=False, test_result_base=None, verb_extension=<colcon_core.verb.build.BuildVerb object at 0x7fa208343d90>, verb_name='build', verb_parser=<colcon_defaults.argument_parser.defaults.DefaultArgumentsDecorator object at 0x7fa20834d340>)
[0.104s] Level 1:colcon.colcon_core.package_discovery:discover_packages(colcon_meta) check parameters
[0.104s] Level 1:colcon.colcon_core.package_discovery:discover_packages(recursive) check parameters
[0.104s] Level 1:colcon.colcon_core.package_discovery:discover_packages(ignore) check parameters
[0.104s] Level 1:colcon.colcon_core.package_discovery:discover_packages(path) check parameters
[0.104s] Level 1:colcon.colcon_core.package_discovery:discover_packages(colcon_meta) discover
[0.104s] Level 1:colcon.colcon_core.package_discovery:discover_packages(recursive) discover
[0.104s] INFO:colcon.colcon_core.package_discovery:Crawling recursively for packages in '/home/mte/projects/AVAI/allassignments-gruppe-e/Assignment03/perception'
[0.104s] Level 1:colcon.colcon_core.package_identification:_identify(.) by extensions ['ignore', 'ignore_ament_install']
[0.104s] Level 1:colcon.colcon_core.package_identification:_identify(.) by extension 'ignore'
[0.104s] Level 1:colcon.colcon_core.package_identification:_identify(.) by extension 'ignore_ament_install'
[0.104s] Level 1:colcon.colcon_core.package_identification:_identify(.) by extensions ['colcon_pkg']
[0.105s] Level 1:colcon.colcon_core.package_identification:_identify(.) by extension 'colcon_pkg'
[0.105s] Level 1:colcon.colcon_core.package_identification:_identify(.) by extensions ['colcon_meta']
[0.105s] Level 1:colcon.colcon_core.package_identification:_identify(.) by extension 'colcon_meta'
[0.105s] Level 1:colcon.colcon_core.package_identification:_identify(.) by extensions ['ros']
[0.105s] Level 1:colcon.colcon_core.package_identification:_identify(.) by extension 'ros'
[0.114s] DEBUG:colcon.colcon_core.package_identification:Package '.' with type 'ros.ament_python' and name 'perception'
[0.114s] Level 1:colcon.colcon_core.package_discovery:discover_packages(recursive) using defaults
[0.114s] Level 1:colcon.colcon_core.package_discovery:discover_packages(ignore) discover
[0.114s] Level 1:colcon.colcon_core.package_discovery:discover_packages(ignore) using defaults
[0.114s] Level 1:colcon.colcon_core.package_discovery:discover_packages(path) discover
[0.114s] Level 1:colcon.colcon_core.package_discovery:discover_packages(path) using defaults
[0.125s] Level 1:colcon.colcon_core.package_discovery:discover_packages(prefix_path) check parameters
[0.125s] Level 1:colcon.colcon_core.package_discovery:discover_packages(prefix_path) discover
[0.127s] DEBUG:colcon.colcon_installed_package_information.package_discovery:Found 1 installed packages in /home/mte/projects/AVAI/allassignments-gruppe-e/Assignment03/install
[0.128s] DEBUG:colcon.colcon_installed_package_information.package_discovery:Found 332 installed packages in /opt/ros/foxy
[0.129s] Level 1:colcon.colcon_core.package_discovery:discover_packages(prefix_path) using defaults
[0.183s] Level 5:colcon.colcon_core.verb:set package 'perception' build argument 'cmake_args' from command line to 'None'
[0.183s] Level 5:colcon.colcon_core.verb:set package 'perception' build argument 'cmake_target' from command line to 'None'
[0.183s] Level 5:colcon.colcon_core.verb:set package 'perception' build argument 'cmake_target_skip_unavailable' from command line to 'False'
[0.183s] Level 5:colcon.colcon_core.verb:set package 'perception' build argument 'cmake_clean_cache' from command line to 'False'
[0.183s] Level 5:colcon.colcon_core.verb:set package 'perception' build argument 'cmake_clean_first' from command line to 'False'
[0.183s] Level 5:colcon.colcon_core.verb:set package 'perception' build argument 'cmake_force_configure' from command line to 'False'
[0.183s] Level 5:colcon.colcon_core.verb:set package 'perception' build argument 'ament_cmake_args' from command line to 'None'
[0.183s] Level 5:colcon.colcon_core.verb:set package 'perception' build argument 'catkin_cmake_args' from command line to 'None'
[0.183s] Level 5:colcon.colcon_core.verb:set package 'perception' build argument 'catkin_skip_building_tests' from command line to 'False'
[0.183s] DEBUG:colcon.colcon_core.verb:Building package 'perception' with the following arguments: {'ament_cmake_args': None, 'build_base': '/home/mte/projects/AVAI/allassignments-gruppe-e/Assignment03/perception/build/perception', 'catkin_cmake_args': None, 'catkin_skip_building_tests': False, 'cmake_args': None, 'cmake_clean_cache': False, 'cmake_clean_first': False, 'cmake_force_configure': False, 'cmake_target': None, 'cmake_target_skip_unavailable': False, 'install_base': '/home/mte/projects/AVAI/allassignments-gruppe-e/Assignment03/perception/install/perception', 'merge_install': False, 'path': '/home/mte/projects/AVAI/allassignments-gruppe-e/Assignment03/perception', 'symlink_install': False, 'test_result_base': None}
[0.183s] INFO:colcon.colcon_core.executor:Executing jobs using 'parallel' executor
[0.185s] DEBUG:colcon.colcon_parallel_executor.executor.parallel:run_until_complete
[0.185s] INFO:colcon.colcon_ros.task.ament_python.build:Building ROS package in '/home/mte/projects/AVAI/allassignments-gruppe-e/Assignment03/perception' with build type 'ament_python'
[0.185s] Level 1:colcon.colcon_core.shell:create_environment_hook('perception', 'ament_prefix_path')
[0.187s] INFO:colcon.colcon_core.plugin_system:Skipping extension 'colcon_core.shell.bat': Not used on non-Windows systems
[0.187s] INFO:colcon.colcon_core.shell:Creating environment hook '/home/mte/projects/AVAI/allassignments-gruppe-e/Assignment03/perception/install/perception/share/perception/hook/ament_prefix_path.ps1'
[0.188s] INFO:colcon.colcon_core.shell:Creating environment descriptor '/home/mte/projects/AVAI/allassignments-gruppe-e/Assignment03/perception/install/perception/share/perception/hook/ament_prefix_path.dsv'
[0.188s] INFO:colcon.colcon_core.shell:Creating environment hook '/home/mte/projects/AVAI/allassignments-gruppe-e/Assignment03/perception/install/perception/share/perception/hook/ament_prefix_path.sh'
[0.189s] INFO:colcon.colcon_core.shell:Skip shell extension 'powershell' for command environment: Not usable outside of PowerShell
[0.189s] DEBUG:colcon.colcon_core.shell:Skip shell extension 'dsv' for command environment
[0.335s] INFO:colcon.colcon_core.task.python.build:Building Python package in '/home/mte/projects/AVAI/allassignments-gruppe-e/Assignment03/perception'
[0.336s] INFO:colcon.colcon_core.shell:Skip shell extension 'powershell' for command environment: Not usable outside of PowerShell
[0.336s] DEBUG:colcon.colcon_core.shell:Skip shell extension 'dsv' for command environment
[0.591s] DEBUG:colcon.colcon_core.event_handler.log_command:Invoking command in '/home/mte/projects/AVAI/allassignments-gruppe-e/Assignment03/perception': PYTHONPATH=/home/mte/projects/AVAI/allassignments-gruppe-e/Assignment03/perception/install/perception/lib/python3.8/site-packages:${PYTHONPATH} /usr/bin/python3 setup.py egg_info --egg-base build/perception build --build-base /home/mte/projects/AVAI/allassignments-gruppe-e/Assignment03/perception/build/perception/build install --prefix /home/mte/projects/AVAI/allassignments-gruppe-e/Assignment03/perception/install/perception --record /home/mte/projects/AVAI/allassignments-gruppe-e/Assignment03/perception/build/perception/install.log --single-version-externally-managed
[0.829s] DEBUG:colcon.colcon_core.event_handler.log_command:Invoked command in '/home/mte/projects/AVAI/allassignments-gruppe-e/Assignment03/perception' returned '0': PYTHONPATH=/home/mte/projects/AVAI/allassignments-gruppe-e/Assignment03/perception/install/perception/lib/python3.8/site-packages:${PYTHONPATH} /usr/bin/python3 setup.py egg_info --egg-base build/perception build --build-base /home/mte/projects/AVAI/allassignments-gruppe-e/Assignment03/perception/build/perception/build install --prefix /home/mte/projects/AVAI/allassignments-gruppe-e/Assignment03/perception/install/perception --record /home/mte/projects/AVAI/allassignments-gruppe-e/Assignment03/perception/build/perception/install.log --single-version-externally-managed
[0.831s] Level 1:colcon.colcon_core.environment:checking '/home/mte/projects/AVAI/allassignments-gruppe-e/Assignment03/perception/install/perception' for CMake module files
[0.831s] Level 1:colcon.colcon_core.environment:checking '/home/mte/projects/AVAI/allassignments-gruppe-e/Assignment03/perception/install/perception' for CMake config files
[0.832s] Level 1:colcon.colcon_core.environment:checking '/home/mte/projects/AVAI/allassignments-gruppe-e/Assignment03/perception/install/perception/lib'
[0.832s] Level 1:colcon.colcon_core.environment:checking '/home/mte/projects/AVAI/allassignments-gruppe-e/Assignment03/perception/install/perception/bin'
[0.832s] Level 1:colcon.colcon_core.environment:checking '/home/mte/projects/AVAI/allassignments-gruppe-e/Assignment03/perception/install/perception/lib/pkgconfig/perception.pc'
[0.832s] Level 1:colcon.colcon_core.environment:checking '/home/mte/projects/AVAI/allassignments-gruppe-e/Assignment03/perception/install/perception/lib/python3.8/site-packages'
[0.833s] Level 1:colcon.colcon_core.shell:create_environment_hook('perception', 'pythonpath')
[0.833s] INFO:colcon.colcon_core.shell:Creating environment hook '/home/mte/projects/AVAI/allassignments-gruppe-e/Assignment03/perception/install/perception/share/perception/hook/pythonpath.ps1'
[0.833s] INFO:colcon.colcon_core.shell:Creating environment descriptor '/home/mte/projects/AVAI/allassignments-gruppe-e/Assignment03/perception/install/perception/share/perception/hook/pythonpath.dsv'
[0.834s] INFO:colcon.colcon_core.shell:Creating environment hook '/home/mte/projects/AVAI/allassignments-gruppe-e/Assignment03/perception/install/perception/share/perception/hook/pythonpath.sh'
[0.834s] Level 1:colcon.colcon_core.environment:checking '/home/mte/projects/AVAI/allassignments-gruppe-e/Assignment03/perception/install/perception/bin'
[0.834s] Level 1:colcon.colcon_core.environment:create_environment_scripts_only(perception)
[0.835s] INFO:colcon.colcon_core.shell:Creating package script '/home/mte/projects/AVAI/allassignments-gruppe-e/Assignment03/perception/install/perception/share/perception/package.ps1'
[0.835s] INFO:colcon.colcon_core.shell:Creating package descriptor '/home/mte/projects/AVAI/allassignments-gruppe-e/Assignment03/perception/install/perception/share/perception/package.dsv'
[0.836s] INFO:colcon.colcon_core.shell:Creating package script '/home/mte/projects/AVAI/allassignments-gruppe-e/Assignment03/perception/install/perception/share/perception/package.sh'
[0.836s] INFO:colcon.colcon_core.shell:Creating package script '/home/mte/projects/AVAI/allassignments-gruppe-e/Assignment03/perception/install/perception/share/perception/package.bash'
[0.837s] INFO:colcon.colcon_core.shell:Creating package script '/home/mte/projects/AVAI/allassignments-gruppe-e/Assignment03/perception/install/perception/share/perception/package.zsh'
[0.837s] Level 1:colcon.colcon_core.environment:create_file_with_runtime_dependencies(/home/mte/projects/AVAI/allassignments-gruppe-e/Assignment03/perception/install/perception/share/colcon-core/packages/perception)
[0.838s] DEBUG:colcon.colcon_parallel_executor.executor.parallel:closing loop
[0.838s] DEBUG:colcon.colcon_parallel_executor.executor.parallel:loop closed
[0.838s] DEBUG:colcon.colcon_parallel_executor.executor.parallel:run_until_complete finished with '0'
[0.838s] DEBUG:colcon.colcon_core.event_reactor:joining thread
[0.844s] INFO:colcon.colcon_core.plugin_system:Skipping extension 'colcon_notification.desktop_notification.terminal_notifier': Not used on non-Darwin systems
[0.844s] INFO:colcon.colcon_core.plugin_system:Skipping extension 'colcon_notification.desktop_notification.win32': Not used on non-Windows systems
[0.844s] INFO:colcon.colcon_notification.desktop_notification:Sending desktop notification using 'notify2'
[0.846s] DEBUG:colcon.colcon_core.event_reactor:joined thread
[0.847s] INFO:colcon.colcon_core.shell:Creating prefix script '/home/mte/projects/AVAI/allassignments-gruppe-e/Assignment03/perception/install/local_setup.ps1'
[0.848s] INFO:colcon.colcon_core.shell:Creating prefix util module '/home/mte/projects/AVAI/allassignments-gruppe-e/Assignment03/perception/install/_local_setup_util_ps1.py'
[0.849s] INFO:colcon.colcon_core.shell:Creating prefix chain script '/home/mte/projects/AVAI/allassignments-gruppe-e/Assignment03/perception/install/setup.ps1'
[0.850s] INFO:colcon.colcon_core.shell:Creating prefix script '/home/mte/projects/AVAI/allassignments-gruppe-e/Assignment03/perception/install/local_setup.sh'
[0.850s] INFO:colcon.colcon_core.shell:Creating prefix util module '/home/mte/projects/AVAI/allassignments-gruppe-e/Assignment03/perception/install/_local_setup_util_sh.py'
[0.851s] INFO:colcon.colcon_core.shell:Creating prefix chain script '/home/mte/projects/AVAI/allassignments-gruppe-e/Assignment03/perception/install/setup.sh'
[0.852s] INFO:colcon.colcon_core.shell:Creating prefix script '/home/mte/projects/AVAI/allassignments-gruppe-e/Assignment03/perception/install/local_setup.bash'
[0.852s] INFO:colcon.colcon_core.shell:Creating prefix chain script '/home/mte/projects/AVAI/allassignments-gruppe-e/Assignment03/perception/install/setup.bash'
[0.853s] INFO:colcon.colcon_core.shell:Creating prefix script '/home/mte/projects/AVAI/allassignments-gruppe-e/Assignment03/perception/install/local_setup.zsh'
[0.853s] INFO:colcon.colcon_core.shell:Creating prefix chain script '/home/mte/projects/AVAI/allassignments-gruppe-e/Assignment03/perception/install/setup.zsh'
