[0.482s] Invoking command in '/home/mte/projects/AVAI/allassignments-gruppe-e/Assignment03/perception': PYTHONPATH=/home/mte/projects/AVAI/allassignments-gruppe-e/Assignment03/install/perception/lib/python3.8/site-packages:${PYTHONPATH} /usr/bin/python3 setup.py egg_info --egg-base ../build/perception build --build-base /home/mte/projects/AVAI/allassignments-gruppe-e/Assignment03/build/perception/build install --prefix /home/mte/projects/AVAI/allassignments-gruppe-e/Assignment03/install/perception --record /home/mte/projects/AVAI/allassignments-gruppe-e/Assignment03/build/perception/install.log --single-version-externally-managed
[0.686s] running egg_info
[0.686s] writing ../build/perception/perception.egg-info/PKG-INFO
[0.686s] writing dependency_links to ../build/perception/perception.egg-info/dependency_links.txt
[0.686s] writing entry points to ../build/perception/perception.egg-info/entry_points.txt
[0.687s] writing requirements to ../build/perception/perception.egg-info/requires.txt
[0.687s] writing top-level names to ../build/perception/perception.egg-info/top_level.txt
[0.711s] reading manifest file '../build/perception/perception.egg-info/SOURCES.txt'
[0.712s] writing manifest file '../build/perception/perception.egg-info/SOURCES.txt'
[0.712s] running build
[0.712s] running build_py
[0.712s] running install
[0.712s] running install_lib
[0.713s] running install_data
[0.713s] running install_egg_info
[0.714s] removing '/home/mte/projects/AVAI/allassignments-gruppe-e/Assignment03/install/perception/lib/python3.8/site-packages/perception-0.0.0-py3.8.egg-info' (and everything under it)
[0.715s] Copying ../build/perception/perception.egg-info to /home/mte/projects/AVAI/allassignments-gruppe-e/Assignment03/install/perception/lib/python3.8/site-packages/perception-0.0.0-py3.8.egg-info
[0.716s] running install_scripts
[0.727s] Installing cone_detection script to /home/mte/projects/AVAI/allassignments-gruppe-e/Assignment03/install/perception/lib/perception
[0.727s] writing list of installed files to '/home/mte/projects/AVAI/allassignments-gruppe-e/Assignment03/build/perception/install.log'
[0.750s] Invoked command in '/home/mte/projects/AVAI/allassignments-gruppe-e/Assignment03/perception' returned '0': PYTHONPATH=/home/mte/projects/AVAI/allassignments-gruppe-e/Assignment03/install/perception/lib/python3.8/site-packages:${PYTHONPATH} /usr/bin/python3 setup.py egg_info --egg-base ../build/perception build --build-base /home/mte/projects/AVAI/allassignments-gruppe-e/Assignment03/build/perception/build install --prefix /home/mte/projects/AVAI/allassignments-gruppe-e/Assignment03/install/perception --record /home/mte/projects/AVAI/allassignments-gruppe-e/Assignment03/build/perception/install.log --single-version-externally-managed
