[0.407s] Invoking command in '/home/mte/projects/AVAI/allassignments-gruppe-e/Assignment03/perception': PYTHONPATH=/home/mte/projects/AVAI/allassignments-gruppe-e/Assignment03/install/perception/lib/python3.8/site-packages:${PYTHONPATH} /usr/bin/python3 setup.py egg_info --egg-base ../build/perception build --build-base /home/mte/projects/AVAI/allassignments-gruppe-e/Assignment03/build/perception/build install --prefix /home/mte/projects/AVAI/allassignments-gruppe-e/Assignment03/install/perception --record /home/mte/projects/AVAI/allassignments-gruppe-e/Assignment03/build/perception/install.log --single-version-externally-managed
[0.540s] running egg_info
[0.540s] writing ../build/perception/perception.egg-info/PKG-INFO
[0.540s] writing dependency_links to ../build/perception/perception.egg-info/dependency_links.txt
[0.540s] writing entry points to ../build/perception/perception.egg-info/entry_points.txt
[0.541s] writing requirements to ../build/perception/perception.egg-info/requires.txt
[0.541s] writing top-level names to ../build/perception/perception.egg-info/top_level.txt
[0.569s] reading manifest file '../build/perception/perception.egg-info/SOURCES.txt'
[0.570s] writing manifest file '../build/perception/perception.egg-info/SOURCES.txt'
[0.570s] running build
[0.570s] running build_py
[0.570s] running install
[0.571s] running install_lib
[0.572s] running install_data
[0.573s] copying package.xml -> /home/mte/projects/AVAI/allassignments-gruppe-e/Assignment03/install/perception/share/perception
[0.573s] running install_egg_info
[0.575s] removing '/home/mte/projects/AVAI/allassignments-gruppe-e/Assignment03/install/perception/lib/python3.8/site-packages/perception-0.0.0-py3.8.egg-info' (and everything under it)
[0.575s] Copying ../build/perception/perception.egg-info to /home/mte/projects/AVAI/allassignments-gruppe-e/Assignment03/install/perception/lib/python3.8/site-packages/perception-0.0.0-py3.8.egg-info
[0.576s] running install_scripts
[0.590s] Installing cone_detection script to /home/mte/projects/AVAI/allassignments-gruppe-e/Assignment03/install/perception/lib/perception
[0.590s] writing list of installed files to '/home/mte/projects/AVAI/allassignments-gruppe-e/Assignment03/build/perception/install.log'
[0.614s] Invoked command in '/home/mte/projects/AVAI/allassignments-gruppe-e/Assignment03/perception' returned '0': PYTHONPATH=/home/mte/projects/AVAI/allassignments-gruppe-e/Assignment03/install/perception/lib/python3.8/site-packages:${PYTHONPATH} /usr/bin/python3 setup.py egg_info --egg-base ../build/perception build --build-base /home/mte/projects/AVAI/allassignments-gruppe-e/Assignment03/build/perception/build install --prefix /home/mte/projects/AVAI/allassignments-gruppe-e/Assignment03/install/perception --record /home/mte/projects/AVAI/allassignments-gruppe-e/Assignment03/build/perception/install.log --single-version-externally-managed
