[2.290s] Invoking command in '/home/nils/allassignments-gruppe-e/Assignment01_ws/src/image_display': PYTHONPATH=/home/nils/allassignments-gruppe-e/Assignment01_ws/install/image_display/lib/python3.8/site-packages:${PYTHONPATH} /usr/bin/python3 setup.py egg_info --egg-base ../../build/image_display build --build-base /home/nils/allassignments-gruppe-e/Assignment01_ws/build/image_display/build install --prefix /home/nils/allassignments-gruppe-e/Assignment01_ws/install/image_display --record /home/nils/allassignments-gruppe-e/Assignment01_ws/build/image_display/install.log --single-version-externally-managed
[3.051s] running egg_info
[3.054s] writing ../../build/image_display/image_display.egg-info/PKG-INFO
[3.057s] writing dependency_links to ../../build/image_display/image_display.egg-info/dependency_links.txt
[3.058s] writing entry points to ../../build/image_display/image_display.egg-info/entry_points.txt
[3.059s] writing requirements to ../../build/image_display/image_display.egg-info/requires.txt
[3.060s] writing top-level names to ../../build/image_display/image_display.egg-info/top_level.txt
[3.212s] reading manifest file '../../build/image_display/image_display.egg-info/SOURCES.txt'
[3.223s] writing manifest file '../../build/image_display/image_display.egg-info/SOURCES.txt'
[3.224s] running build
[3.224s] running build_py
[3.226s] running install
[3.229s] running install_lib
[3.238s] running install_data
[3.241s] running install_egg_info
[3.247s] removing '/home/nils/allassignments-gruppe-e/Assignment01_ws/install/image_display/lib/python3.8/site-packages/image_display-0.0.0-py3.8.egg-info' (and everything under it)
[3.252s] Copying ../../build/image_display/image_display.egg-info to /home/nils/allassignments-gruppe-e/Assignment01_ws/install/image_display/lib/python3.8/site-packages/image_display-0.0.0-py3.8.egg-info
[3.259s] running install_scripts
[3.316s] Installing display script to /home/nils/allassignments-gruppe-e/Assignment01_ws/install/image_display/lib/image_display
[3.318s] writing list of installed files to '/home/nils/allassignments-gruppe-e/Assignment01_ws/build/image_display/install.log'
[3.383s] Invoked command in '/home/nils/allassignments-gruppe-e/Assignment01_ws/src/image_display' returned '0': PYTHONPATH=/home/nils/allassignments-gruppe-e/Assignment01_ws/install/image_display/lib/python3.8/site-packages:${PYTHONPATH} /usr/bin/python3 setup.py egg_info --egg-base ../../build/image_display build --build-base /home/nils/allassignments-gruppe-e/Assignment01_ws/build/image_display/build install --prefix /home/nils/allassignments-gruppe-e/Assignment01_ws/install/image_display --record /home/nils/allassignments-gruppe-e/Assignment01_ws/build/image_display/install.log --single-version-externally-managed
