[2.095s] Invoking command in '/home/nils/allassignments-gruppe-e/Assignment01_ws/src/image_display': PYTHONPATH=/home/nils/allassignments-gruppe-e/Assignment01_ws/install/image_display/lib/python3.8/site-packages:${PYTHONPATH} /usr/bin/python3 setup.py egg_info --egg-base ../../build/image_display build --build-base /home/nils/allassignments-gruppe-e/Assignment01_ws/build/image_display/build install --prefix /home/nils/allassignments-gruppe-e/Assignment01_ws/install/image_display --record /home/nils/allassignments-gruppe-e/Assignment01_ws/build/image_display/install.log --single-version-externally-managed
[2.791s] running egg_info
[2.794s] writing ../../build/image_display/image_display.egg-info/PKG-INFO
[2.796s] writing dependency_links to ../../build/image_display/image_display.egg-info/dependency_links.txt
[2.797s] writing entry points to ../../build/image_display/image_display.egg-info/entry_points.txt
[2.798s] writing requirements to ../../build/image_display/image_display.egg-info/requires.txt
[2.799s] writing top-level names to ../../build/image_display/image_display.egg-info/top_level.txt
[2.933s] reading manifest file '../../build/image_display/image_display.egg-info/SOURCES.txt'
[2.937s] writing manifest file '../../build/image_display/image_display.egg-info/SOURCES.txt'
[2.937s] running build
[2.938s] running build_py
[2.939s] running install
[2.942s] running install_lib
[2.951s] running install_data
[2.954s] running install_egg_info
[2.959s] removing '/home/nils/allassignments-gruppe-e/Assignment01_ws/install/image_display/lib/python3.8/site-packages/image_display-0.0.0-py3.8.egg-info' (and everything under it)
[2.966s] Copying ../../build/image_display/image_display.egg-info to /home/nils/allassignments-gruppe-e/Assignment01_ws/install/image_display/lib/python3.8/site-packages/image_display-0.0.0-py3.8.egg-info
[2.970s] running install_scripts
[3.022s] Installing display script to /home/nils/allassignments-gruppe-e/Assignment01_ws/install/image_display/lib/image_display
[3.024s] writing list of installed files to '/home/nils/allassignments-gruppe-e/Assignment01_ws/build/image_display/install.log'
[3.091s] Invoked command in '/home/nils/allassignments-gruppe-e/Assignment01_ws/src/image_display' returned '0': PYTHONPATH=/home/nils/allassignments-gruppe-e/Assignment01_ws/install/image_display/lib/python3.8/site-packages:${PYTHONPATH} /usr/bin/python3 setup.py egg_info --egg-base ../../build/image_display build --build-base /home/nils/allassignments-gruppe-e/Assignment01_ws/build/image_display/build install --prefix /home/nils/allassignments-gruppe-e/Assignment01_ws/install/image_display --record /home/nils/allassignments-gruppe-e/Assignment01_ws/build/image_display/install.log --single-version-externally-managed
