[2.155s] Invoking command in '/home/nils/allassignments-gruppe-e/Assignment01_ws/src/image_display': PYTHONPATH=/home/nils/allassignments-gruppe-e/Assignment01_ws/install/image_display/lib/python3.8/site-packages:${PYTHONPATH} /usr/bin/python3 setup.py egg_info --egg-base ../../build/image_display build --build-base /home/nils/allassignments-gruppe-e/Assignment01_ws/build/image_display/build install --prefix /home/nils/allassignments-gruppe-e/Assignment01_ws/install/image_display --record /home/nils/allassignments-gruppe-e/Assignment01_ws/build/image_display/install.log --single-version-externally-managed
[2.849s] running egg_info
[2.852s] writing ../../build/image_display/image_display.egg-info/PKG-INFO
[2.855s] writing dependency_links to ../../build/image_display/image_display.egg-info/dependency_links.txt
[2.856s] writing entry points to ../../build/image_display/image_display.egg-info/entry_points.txt
[2.858s] writing requirements to ../../build/image_display/image_display.egg-info/requires.txt
[2.859s] writing top-level names to ../../build/image_display/image_display.egg-info/top_level.txt
[2.993s] reading manifest file '../../build/image_display/image_display.egg-info/SOURCES.txt'
[2.996s] writing manifest file '../../build/image_display/image_display.egg-info/SOURCES.txt'
[2.997s] running build
[2.998s] running build_py
[2.999s] copying image_display/image_display_node.py -> /home/nils/allassignments-gruppe-e/Assignment01_ws/build/image_display/build/lib/image_display
[3.001s] running install
[3.004s] running install_lib
[3.008s] copying /home/nils/allassignments-gruppe-e/Assignment01_ws/build/image_display/build/lib/image_display/image_display_node.py -> /home/nils/allassignments-gruppe-e/Assignment01_ws/install/image_display/lib/python3.8/site-packages/image_display
[3.010s] byte-compiling /home/nils/allassignments-gruppe-e/Assignment01_ws/install/image_display/lib/python3.8/site-packages/image_display/image_display_node.py to image_display_node.cpython-38.pyc
[3.017s] running install_data
[3.019s] running install_egg_info
[3.024s] removing '/home/nils/allassignments-gruppe-e/Assignment01_ws/install/image_display/lib/python3.8/site-packages/image_display-0.0.0-py3.8.egg-info' (and everything under it)
[3.031s] Copying ../../build/image_display/image_display.egg-info to /home/nils/allassignments-gruppe-e/Assignment01_ws/install/image_display/lib/python3.8/site-packages/image_display-0.0.0-py3.8.egg-info
[3.034s] running install_scripts
[3.091s] Installing display script to /home/nils/allassignments-gruppe-e/Assignment01_ws/install/image_display/lib/image_display
[3.093s] writing list of installed files to '/home/nils/allassignments-gruppe-e/Assignment01_ws/build/image_display/install.log'
[3.158s] Invoked command in '/home/nils/allassignments-gruppe-e/Assignment01_ws/src/image_display' returned '0': PYTHONPATH=/home/nils/allassignments-gruppe-e/Assignment01_ws/install/image_display/lib/python3.8/site-packages:${PYTHONPATH} /usr/bin/python3 setup.py egg_info --egg-base ../../build/image_display build --build-base /home/nils/allassignments-gruppe-e/Assignment01_ws/build/image_display/build install --prefix /home/nils/allassignments-gruppe-e/Assignment01_ws/install/image_display --record /home/nils/allassignments-gruppe-e/Assignment01_ws/build/image_display/install.log --single-version-externally-managed
