[2.084s] Invoking command in '/home/nils/allassignments-gruppe-e/Assignment01_ws/src/image_display': PYTHONPATH=/home/nils/allassignments-gruppe-e/Assignment01_ws/install/image_display/lib/python3.8/site-packages:${PYTHONPATH} /usr/bin/python3 setup.py egg_info --egg-base ../../build/image_display build --build-base /home/nils/allassignments-gruppe-e/Assignment01_ws/build/image_display/build install --prefix /home/nils/allassignments-gruppe-e/Assignment01_ws/install/image_display --record /home/nils/allassignments-gruppe-e/Assignment01_ws/build/image_display/install.log --single-version-externally-managed
[2.785s] running egg_info
[2.788s] writing ../../build/image_display/image_display.egg-info/PKG-INFO
[2.789s] writing dependency_links to ../../build/image_display/image_display.egg-info/dependency_links.txt
[2.792s] writing entry points to ../../build/image_display/image_display.egg-info/entry_points.txt
[2.794s] writing requirements to ../../build/image_display/image_display.egg-info/requires.txt
[2.795s] writing top-level names to ../../build/image_display/image_display.egg-info/top_level.txt
[2.932s] reading manifest file '../../build/image_display/image_display.egg-info/SOURCES.txt'
[2.936s] writing manifest file '../../build/image_display/image_display.egg-info/SOURCES.txt'
[2.937s] running build
[2.938s] running build_py
[2.942s] running install
[2.945s] running install_lib
[2.950s] running install_data
[2.952s] running install_egg_info
[2.959s] removing '/home/nils/allassignments-gruppe-e/Assignment01_ws/install/image_display/lib/python3.8/site-packages/image_display-0.0.0-py3.8.egg-info' (and everything under it)
[2.968s] Copying ../../build/image_display/image_display.egg-info to /home/nils/allassignments-gruppe-e/Assignment01_ws/install/image_display/lib/python3.8/site-packages/image_display-0.0.0-py3.8.egg-info
[2.972s] running install_scripts
[3.022s] Installing display script to /home/nils/allassignments-gruppe-e/Assignment01_ws/install/image_display/lib/image_display
[3.023s] writing list of installed files to '/home/nils/allassignments-gruppe-e/Assignment01_ws/build/image_display/install.log'
[3.089s] Invoked command in '/home/nils/allassignments-gruppe-e/Assignment01_ws/src/image_display' returned '0': PYTHONPATH=/home/nils/allassignments-gruppe-e/Assignment01_ws/install/image_display/lib/python3.8/site-packages:${PYTHONPATH} /usr/bin/python3 setup.py egg_info --egg-base ../../build/image_display build --build-base /home/nils/allassignments-gruppe-e/Assignment01_ws/build/image_display/build install --prefix /home/nils/allassignments-gruppe-e/Assignment01_ws/install/image_display --record /home/nils/allassignments-gruppe-e/Assignment01_ws/build/image_display/install.log --single-version-externally-managed
