[2.243s] Invoking command in '/home/nils/allassignments-gruppe-e/Assignment01_ws/src/image_display': PYTHONPATH=/home/nils/allassignments-gruppe-e/Assignment01_ws/install/image_display/lib/python3.8/site-packages:${PYTHONPATH} /usr/bin/python3 setup.py egg_info --egg-base ../../build/image_display build --build-base /home/nils/allassignments-gruppe-e/Assignment01_ws/build/image_display/build install --prefix /home/nils/allassignments-gruppe-e/Assignment01_ws/install/image_display --record /home/nils/allassignments-gruppe-e/Assignment01_ws/build/image_display/install.log --single-version-externally-managed
[2.943s] running egg_info
[2.946s] writing ../../build/image_display/image_display.egg-info/PKG-INFO
[2.947s] writing dependency_links to ../../build/image_display/image_display.egg-info/dependency_links.txt
[2.950s] writing entry points to ../../build/image_display/image_display.egg-info/entry_points.txt
[2.951s] writing requirements to ../../build/image_display/image_display.egg-info/requires.txt
[2.952s] writing top-level names to ../../build/image_display/image_display.egg-info/top_level.txt
[3.112s] reading manifest file '../../build/image_display/image_display.egg-info/SOURCES.txt'
[3.116s] writing manifest file '../../build/image_display/image_display.egg-info/SOURCES.txt'
[3.117s] running build
[3.117s] running build_py
[3.119s] running install
[3.122s] running install_lib
[3.126s] running install_data
[3.128s] running install_egg_info
[3.133s] removing '/home/nils/allassignments-gruppe-e/Assignment01_ws/install/image_display/lib/python3.8/site-packages/image_display-0.0.0-py3.8.egg-info' (and everything under it)
[3.137s] Copying ../../build/image_display/image_display.egg-info to /home/nils/allassignments-gruppe-e/Assignment01_ws/install/image_display/lib/python3.8/site-packages/image_display-0.0.0-py3.8.egg-info
[3.141s] running install_scripts
[3.204s] Installing display script to /home/nils/allassignments-gruppe-e/Assignment01_ws/install/image_display/lib/image_display
[3.207s] writing list of installed files to '/home/nils/allassignments-gruppe-e/Assignment01_ws/build/image_display/install.log'
[3.263s] Invoked command in '/home/nils/allassignments-gruppe-e/Assignment01_ws/src/image_display' returned '0': PYTHONPATH=/home/nils/allassignments-gruppe-e/Assignment01_ws/install/image_display/lib/python3.8/site-packages:${PYTHONPATH} /usr/bin/python3 setup.py egg_info --egg-base ../../build/image_display build --build-base /home/nils/allassignments-gruppe-e/Assignment01_ws/build/image_display/build install --prefix /home/nils/allassignments-gruppe-e/Assignment01_ws/install/image_display --record /home/nils/allassignments-gruppe-e/Assignment01_ws/build/image_display/install.log --single-version-externally-managed
