[0.414s] Invoking command in '/home/mte/projects/AVAI/allassignments-gruppe-e/Assignment03/perception': PYTHONPATH=/home/mte/projects/AVAI/allassignments-gruppe-e/Assignment03/perception/install/perception/lib/python3.8/site-packages:${PYTHONPATH} /usr/bin/python3 setup.py egg_info --egg-base build/perception build --build-base /home/mte/projects/AVAI/allassignments-gruppe-e/Assignment03/perception/build/perception/build install --prefix /home/mte/projects/AVAI/allassignments-gruppe-e/Assignment03/perception/install/perception --record /home/mte/projects/AVAI/allassignments-gruppe-e/Assignment03/perception/build/perception/install.log --single-version-externally-managed
[0.563s] running egg_info
[0.563s] writing build/perception/perception.egg-info/PKG-INFO
[0.563s] writing dependency_links to build/perception/perception.egg-info/dependency_links.txt
[0.563s] writing entry points to build/perception/perception.egg-info/entry_points.txt
[0.563s] writing requirements to build/perception/perception.egg-info/requires.txt
[0.563s] writing top-level names to build/perception/perception.egg-info/top_level.txt
[0.590s] reading manifest file 'build/perception/perception.egg-info/SOURCES.txt'
[0.591s] writing manifest file 'build/perception/perception.egg-info/SOURCES.txt'
[0.591s] running build
[0.591s] running build_py
[0.591s] copying perception/cone_detection.py -> /home/mte/projects/AVAI/allassignments-gruppe-e/Assignment03/perception/build/perception/build/lib/perception
[0.591s] running install
[0.592s] running install_lib
[0.593s] copying /home/mte/projects/AVAI/allassignments-gruppe-e/Assignment03/perception/build/perception/build/lib/perception/cone_detection.py -> /home/mte/projects/AVAI/allassignments-gruppe-e/Assignment03/perception/install/perception/lib/python3.8/site-packages/perception
[0.594s] byte-compiling /home/mte/projects/AVAI/allassignments-gruppe-e/Assignment03/perception/install/perception/lib/python3.8/site-packages/perception/cone_detection.py to cone_detection.cpython-38.pyc
[0.596s] running install_data
[0.596s] running install_egg_info
[0.598s] removing '/home/mte/projects/AVAI/allassignments-gruppe-e/Assignment03/perception/install/perception/lib/python3.8/site-packages/perception-0.0.0-py3.8.egg-info' (and everything under it)
[0.598s] Copying build/perception/perception.egg-info to /home/mte/projects/AVAI/allassignments-gruppe-e/Assignment03/perception/install/perception/lib/python3.8/site-packages/perception-0.0.0-py3.8.egg-info
[0.599s] running install_scripts
[0.617s] Installing cone_detection script to /home/mte/projects/AVAI/allassignments-gruppe-e/Assignment03/perception/install/perception/lib/perception
[0.617s] writing list of installed files to '/home/mte/projects/AVAI/allassignments-gruppe-e/Assignment03/perception/build/perception/install.log'
[0.652s] Invoked command in '/home/mte/projects/AVAI/allassignments-gruppe-e/Assignment03/perception' returned '0': PYTHONPATH=/home/mte/projects/AVAI/allassignments-gruppe-e/Assignment03/perception/install/perception/lib/python3.8/site-packages:${PYTHONPATH} /usr/bin/python3 setup.py egg_info --egg-base build/perception build --build-base /home/mte/projects/AVAI/allassignments-gruppe-e/Assignment03/perception/build/perception/build install --prefix /home/mte/projects/AVAI/allassignments-gruppe-e/Assignment03/perception/install/perception --record /home/mte/projects/AVAI/allassignments-gruppe-e/Assignment03/perception/build/perception/install.log --single-version-externally-managed
