[0.614s] DEBUG:colcon:Command line arguments: ['/usr/bin/colcon', 'build']
[0.614s] DEBUG:colcon:Parsed command line arguments: Namespace(allow_overriding=[], ament_cmake_args=None, base_paths=['.'], build_base='build', catkin_cmake_args=None, catkin_skip_building_tests=False, cmake_args=None, cmake_clean_cache=False, cmake_clean_first=False, cmake_force_configure=False, cmake_target=None, cmake_target_skip_unavailable=False, continue_on_error=False, event_handlers=None, executor='parallel', ignore_user_meta=False, install_base='install', log_base=None, log_level=None, main=<bound method BuildVerb.main of <colcon_core.verb.build.BuildVerb object at 0x7f7a93b2b3a0>>, merge_install=False, metas=['./colcon.meta'], packages_above=None, packages_above_and_dependencies=None, packages_above_depth=None, packages_end=None, packages_ignore=None, packages_ignore_regex=None, packages_select=None, packages_select_build_failed=False, packages_select_by_dep=None, packages_select_regex=None, packages_select_test_failures=False, packages_skip=None, packages_skip_build_finished=False, packages_skip_by_dep=None, packages_skip_regex=None, packages_skip_test_passed=False, packages_skip_up_to=None, packages_start=None, packages_up_to=None, packages_up_to_regex=None, parallel_workers=1, paths=None, symlink_install=False, test_result_base=None, verb_extension=<colcon_core.verb.build.BuildVerb object at 0x7f7a93b2b3a0>, verb_name='build', verb_parser=<colcon_defaults.argument_parser.defaults.DefaultArgumentsDecorator object at 0x7f7a93b2b8e0>)
[0.751s] Level 1:colcon.colcon_core.package_discovery:discover_packages(colcon_meta) check parameters
[0.752s] Level 1:colcon.colcon_core.package_discovery:discover_packages(recursive) check parameters
[0.752s] Level 1:colcon.colcon_core.package_discovery:discover_packages(ignore) check parameters
[0.752s] Level 1:colcon.colcon_core.package_discovery:discover_packages(path) check parameters
[0.752s] Level 1:colcon.colcon_core.package_discovery:discover_packages(colcon_meta) discover
[0.752s] Level 1:colcon.colcon_core.package_discovery:discover_packages(recursive) discover
[0.752s] INFO:colcon.colcon_core.package_discovery:Crawling recursively for packages in '/home/nils/allassignments-gruppe-e/Assignment01_ws'
[0.753s] Level 1:colcon.colcon_core.package_identification:_identify(.) by extensions ['ignore', 'ignore_ament_install']
[0.753s] Level 1:colcon.colcon_core.package_identification:_identify(.) by extension 'ignore'
[0.753s] Level 1:colcon.colcon_core.package_identification:_identify(.) by extension 'ignore_ament_install'
[0.753s] Level 1:colcon.colcon_core.package_identification:_identify(.) by extensions ['colcon_pkg']
[0.753s] Level 1:colcon.colcon_core.package_identification:_identify(.) by extension 'colcon_pkg'
[0.754s] Level 1:colcon.colcon_core.package_identification:_identify(.) by extensions ['colcon_meta']
[0.754s] Level 1:colcon.colcon_core.package_identification:_identify(.) by extension 'colcon_meta'
[0.754s] Level 1:colcon.colcon_core.package_identification:_identify(.) by extensions ['ros']
[0.754s] Level 1:colcon.colcon_core.package_identification:_identify(.) by extension 'ros'
[0.794s] Level 1:colcon.colcon_core.package_identification:_identify(.) by extensions ['cmake', 'python']
[0.798s] Level 1:colcon.colcon_core.package_identification:_identify(.) by extension 'cmake'
[0.798s] Level 1:colcon.colcon_core.package_identification:_identify(.) by extension 'python'
[0.798s] Level 1:colcon.colcon_core.package_identification:_identify(.) by extensions ['python_setup_py']
[0.798s] Level 1:colcon.colcon_core.package_identification:_identify(.) by extension 'python_setup_py'
[0.798s] Level 1:colcon.colcon_core.package_identification:_identify(build) by extensions ['ignore', 'ignore_ament_install']
[0.799s] Level 1:colcon.colcon_core.package_identification:_identify(build) by extension 'ignore'
[0.799s] Level 1:colcon.colcon_core.package_identification:_identify(build) ignored
[0.799s] Level 1:colcon.colcon_core.package_identification:_identify(install) by extensions ['ignore', 'ignore_ament_install']
[0.800s] Level 1:colcon.colcon_core.package_identification:_identify(install) by extension 'ignore'
[0.800s] Level 1:colcon.colcon_core.package_identification:_identify(install) ignored
[0.801s] Level 1:colcon.colcon_core.package_identification:_identify(log) by extensions ['ignore', 'ignore_ament_install']
[0.801s] Level 1:colcon.colcon_core.package_identification:_identify(log) by extension 'ignore'
[0.801s] Level 1:colcon.colcon_core.package_identification:_identify(log) ignored
[0.801s] Level 1:colcon.colcon_core.package_identification:_identify(src) by extensions ['ignore', 'ignore_ament_install']
[0.801s] Level 1:colcon.colcon_core.package_identification:_identify(src) by extension 'ignore'
[0.802s] Level 1:colcon.colcon_core.package_identification:_identify(src) by extension 'ignore_ament_install'
[0.802s] Level 1:colcon.colcon_core.package_identification:_identify(src) by extensions ['colcon_pkg']
[0.802s] Level 1:colcon.colcon_core.package_identification:_identify(src) by extension 'colcon_pkg'
[0.802s] Level 1:colcon.colcon_core.package_identification:_identify(src) by extensions ['colcon_meta']
[0.802s] Level 1:colcon.colcon_core.package_identification:_identify(src) by extension 'colcon_meta'
[0.802s] Level 1:colcon.colcon_core.package_identification:_identify(src) by extensions ['ros']
[0.802s] Level 1:colcon.colcon_core.package_identification:_identify(src) by extension 'ros'
[0.803s] Level 1:colcon.colcon_core.package_identification:_identify(src) by extensions ['cmake', 'python']
[0.803s] Level 1:colcon.colcon_core.package_identification:_identify(src) by extension 'cmake'
[0.803s] Level 1:colcon.colcon_core.package_identification:_identify(src) by extension 'python'
[0.803s] Level 1:colcon.colcon_core.package_identification:_identify(src) by extensions ['python_setup_py']
[0.803s] Level 1:colcon.colcon_core.package_identification:_identify(src) by extension 'python_setup_py'
[0.803s] Level 1:colcon.colcon_core.package_identification:_identify(src/camera_turtlebot) by extensions ['ignore', 'ignore_ament_install']
[0.804s] Level 1:colcon.colcon_core.package_identification:_identify(src/camera_turtlebot) by extension 'ignore'
[0.804s] Level 1:colcon.colcon_core.package_identification:_identify(src/camera_turtlebot) by extension 'ignore_ament_install'
[0.804s] Level 1:colcon.colcon_core.package_identification:_identify(src/camera_turtlebot) by extensions ['colcon_pkg']
[0.804s] Level 1:colcon.colcon_core.package_identification:_identify(src/camera_turtlebot) by extension 'colcon_pkg'
[0.804s] Level 1:colcon.colcon_core.package_identification:_identify(src/camera_turtlebot) by extensions ['colcon_meta']
[0.804s] Level 1:colcon.colcon_core.package_identification:_identify(src/camera_turtlebot) by extension 'colcon_meta'
[0.805s] Level 1:colcon.colcon_core.package_identification:_identify(src/camera_turtlebot) by extensions ['ros']
[0.805s] Level 1:colcon.colcon_core.package_identification:_identify(src/camera_turtlebot) by extension 'ros'
[0.815s] DEBUG:colcon.colcon_core.package_identification:Package 'src/camera_turtlebot' with type 'ros.ament_python' and name 'camera_turtlebot'
[0.816s] Level 1:colcon.colcon_core.package_identification:_identify(src/image_display) by extensions ['ignore', 'ignore_ament_install']
[0.816s] Level 1:colcon.colcon_core.package_identification:_identify(src/image_display) by extension 'ignore'
[0.816s] Level 1:colcon.colcon_core.package_identification:_identify(src/image_display) by extension 'ignore_ament_install'
[0.816s] Level 1:colcon.colcon_core.package_identification:_identify(src/image_display) by extensions ['colcon_pkg']
[0.816s] Level 1:colcon.colcon_core.package_identification:_identify(src/image_display) by extension 'colcon_pkg'
[0.817s] Level 1:colcon.colcon_core.package_identification:_identify(src/image_display) by extensions ['colcon_meta']
[0.817s] Level 1:colcon.colcon_core.package_identification:_identify(src/image_display) by extension 'colcon_meta'
[0.817s] Level 1:colcon.colcon_core.package_identification:_identify(src/image_display) by extensions ['ros']
[0.817s] Level 1:colcon.colcon_core.package_identification:_identify(src/image_display) by extension 'ros'
[0.819s] DEBUG:colcon.colcon_core.package_identification:Package 'src/image_display' with type 'ros.ament_python' and name 'image_display'
[0.819s] Level 1:colcon.colcon_core.package_discovery:discover_packages(recursive) using defaults
[0.819s] Level 1:colcon.colcon_core.package_discovery:discover_packages(ignore) discover
[0.819s] Level 1:colcon.colcon_core.package_discovery:discover_packages(ignore) using defaults
[0.819s] Level 1:colcon.colcon_core.package_discovery:discover_packages(path) discover
[0.819s] Level 1:colcon.colcon_core.package_discovery:discover_packages(path) using defaults
[0.899s] Level 1:colcon.colcon_core.package_discovery:discover_packages(prefix_path) check parameters
[0.899s] Level 1:colcon.colcon_core.package_discovery:discover_packages(prefix_path) discover
[0.911s] DEBUG:colcon.colcon_installed_package_information.package_discovery:Found 0 installed packages in /home/nils/colcon_ws/install
[0.916s] DEBUG:colcon.colcon_installed_package_information.package_discovery:Found 332 installed packages in /opt/ros/foxy
[0.924s] Level 1:colcon.colcon_core.package_discovery:discover_packages(prefix_path) using defaults
[1.399s] Level 5:colcon.colcon_core.verb:set package 'camera_turtlebot' build argument 'cmake_args' from command line to 'None'
[1.399s] Level 5:colcon.colcon_core.verb:set package 'camera_turtlebot' build argument 'cmake_target' from command line to 'None'
[1.399s] Level 5:colcon.colcon_core.verb:set package 'camera_turtlebot' build argument 'cmake_target_skip_unavailable' from command line to 'False'
[1.399s] Level 5:colcon.colcon_core.verb:set package 'camera_turtlebot' build argument 'cmake_clean_cache' from command line to 'False'
[1.400s] Level 5:colcon.colcon_core.verb:set package 'camera_turtlebot' build argument 'cmake_clean_first' from command line to 'False'
[1.400s] Level 5:colcon.colcon_core.verb:set package 'camera_turtlebot' build argument 'cmake_force_configure' from command line to 'False'
[1.400s] Level 5:colcon.colcon_core.verb:set package 'camera_turtlebot' build argument 'ament_cmake_args' from command line to 'None'
[1.400s] Level 5:colcon.colcon_core.verb:set package 'camera_turtlebot' build argument 'catkin_cmake_args' from command line to 'None'
[1.400s] Level 5:colcon.colcon_core.verb:set package 'camera_turtlebot' build argument 'catkin_skip_building_tests' from command line to 'False'
[1.400s] DEBUG:colcon.colcon_core.verb:Building package 'camera_turtlebot' with the following arguments: {'ament_cmake_args': None, 'build_base': '/home/nils/allassignments-gruppe-e/Assignment01_ws/build/camera_turtlebot', 'catkin_cmake_args': None, 'catkin_skip_building_tests': False, 'cmake_args': None, 'cmake_clean_cache': False, 'cmake_clean_first': False, 'cmake_force_configure': False, 'cmake_target': None, 'cmake_target_skip_unavailable': False, 'install_base': '/home/nils/allassignments-gruppe-e/Assignment01_ws/install/camera_turtlebot', 'merge_install': False, 'path': '/home/nils/allassignments-gruppe-e/Assignment01_ws/src/camera_turtlebot', 'symlink_install': False, 'test_result_base': None}
[1.403s] Level 5:colcon.colcon_core.verb:set package 'image_display' build argument 'cmake_args' from command line to 'None'
[1.403s] Level 5:colcon.colcon_core.verb:set package 'image_display' build argument 'cmake_target' from command line to 'None'
[1.403s] Level 5:colcon.colcon_core.verb:set package 'image_display' build argument 'cmake_target_skip_unavailable' from command line to 'False'
[1.403s] Level 5:colcon.colcon_core.verb:set package 'image_display' build argument 'cmake_clean_cache' from command line to 'False'
[1.403s] Level 5:colcon.colcon_core.verb:set package 'image_display' build argument 'cmake_clean_first' from command line to 'False'
[1.403s] Level 5:colcon.colcon_core.verb:set package 'image_display' build argument 'cmake_force_configure' from command line to 'False'
[1.403s] Level 5:colcon.colcon_core.verb:set package 'image_display' build argument 'ament_cmake_args' from command line to 'None'
[1.403s] Level 5:colcon.colcon_core.verb:set package 'image_display' build argument 'catkin_cmake_args' from command line to 'None'
[1.404s] Level 5:colcon.colcon_core.verb:set package 'image_display' build argument 'catkin_skip_building_tests' from command line to 'False'
[1.404s] DEBUG:colcon.colcon_core.verb:Building package 'image_display' with the following arguments: {'ament_cmake_args': None, 'build_base': '/home/nils/allassignments-gruppe-e/Assignment01_ws/build/image_display', 'catkin_cmake_args': None, 'catkin_skip_building_tests': False, 'cmake_args': None, 'cmake_clean_cache': False, 'cmake_clean_first': False, 'cmake_force_configure': False, 'cmake_target': None, 'cmake_target_skip_unavailable': False, 'install_base': '/home/nils/allassignments-gruppe-e/Assignment01_ws/install/image_display', 'merge_install': False, 'path': '/home/nils/allassignments-gruppe-e/Assignment01_ws/src/image_display', 'symlink_install': False, 'test_result_base': None}
[1.405s] INFO:colcon.colcon_core.executor:Executing jobs using 'parallel' executor
[1.409s] DEBUG:colcon.colcon_parallel_executor.executor.parallel:run_until_complete
[1.413s] INFO:colcon.colcon_ros.task.ament_python.build:Building ROS package in '/home/nils/allassignments-gruppe-e/Assignment01_ws/src/camera_turtlebot' with build type 'ament_python'
[1.414s] Level 1:colcon.colcon_core.shell:create_environment_hook('camera_turtlebot', 'ament_prefix_path')
[1.444s] INFO:colcon.colcon_core.plugin_system:Skipping extension 'colcon_core.shell.bat': Not used on non-Windows systems
[1.445s] INFO:colcon.colcon_core.shell:Creating environment hook '/home/nils/allassignments-gruppe-e/Assignment01_ws/install/camera_turtlebot/share/camera_turtlebot/hook/ament_prefix_path.ps1'
[1.456s] INFO:colcon.colcon_core.shell:Creating environment descriptor '/home/nils/allassignments-gruppe-e/Assignment01_ws/install/camera_turtlebot/share/camera_turtlebot/hook/ament_prefix_path.dsv'
[1.470s] INFO:colcon.colcon_core.shell:Creating environment hook '/home/nils/allassignments-gruppe-e/Assignment01_ws/install/camera_turtlebot/share/camera_turtlebot/hook/ament_prefix_path.sh'
[1.477s] INFO:colcon.colcon_core.shell:Skip shell extension 'powershell' for command environment: Not usable outside of PowerShell
[1.478s] DEBUG:colcon.colcon_core.shell:Skip shell extension 'dsv' for command environment
[2.272s] INFO:colcon.colcon_core.task.python.build:Building Python package in '/home/nils/allassignments-gruppe-e/Assignment01_ws/src/camera_turtlebot'
[2.274s] INFO:colcon.colcon_core.shell:Skip shell extension 'powershell' for command environment: Not usable outside of PowerShell
[2.275s] DEBUG:colcon.colcon_core.shell:Skip shell extension 'dsv' for command environment
[3.868s] DEBUG:colcon.colcon_core.event_handler.log_command:Invoking command in '/home/nils/allassignments-gruppe-e/Assignment01_ws/src/camera_turtlebot': PYTHONPATH=/home/nils/allassignments-gruppe-e/Assignment01_ws/install/camera_turtlebot/lib/python3.8/site-packages:${PYTHONPATH} /usr/bin/python3 setup.py egg_info --egg-base ../../build/camera_turtlebot build --build-base /home/nils/allassignments-gruppe-e/Assignment01_ws/build/camera_turtlebot/build install --prefix /home/nils/allassignments-gruppe-e/Assignment01_ws/install/camera_turtlebot --record /home/nils/allassignments-gruppe-e/Assignment01_ws/build/camera_turtlebot/install.log --single-version-externally-managed
[4.867s] DEBUG:colcon.colcon_core.event_handler.log_command:Invoked command in '/home/nils/allassignments-gruppe-e/Assignment01_ws/src/camera_turtlebot' returned '0': PYTHONPATH=/home/nils/allassignments-gruppe-e/Assignment01_ws/install/camera_turtlebot/lib/python3.8/site-packages:${PYTHONPATH} /usr/bin/python3 setup.py egg_info --egg-base ../../build/camera_turtlebot build --build-base /home/nils/allassignments-gruppe-e/Assignment01_ws/build/camera_turtlebot/build install --prefix /home/nils/allassignments-gruppe-e/Assignment01_ws/install/camera_turtlebot --record /home/nils/allassignments-gruppe-e/Assignment01_ws/build/camera_turtlebot/install.log --single-version-externally-managed
[4.894s] Level 1:colcon.colcon_core.environment:checking '/home/nils/allassignments-gruppe-e/Assignment01_ws/install/camera_turtlebot' for CMake module files
[4.896s] Level 1:colcon.colcon_core.environment:checking '/home/nils/allassignments-gruppe-e/Assignment01_ws/install/camera_turtlebot' for CMake config files
[4.898s] Level 1:colcon.colcon_core.environment:checking '/home/nils/allassignments-gruppe-e/Assignment01_ws/install/camera_turtlebot/lib'
[4.899s] Level 1:colcon.colcon_core.environment:checking '/home/nils/allassignments-gruppe-e/Assignment01_ws/install/camera_turtlebot/bin'
[4.899s] Level 1:colcon.colcon_core.environment:checking '/home/nils/allassignments-gruppe-e/Assignment01_ws/install/camera_turtlebot/lib/pkgconfig/camera_turtlebot.pc'
[4.900s] Level 1:colcon.colcon_core.environment:checking '/home/nils/allassignments-gruppe-e/Assignment01_ws/install/camera_turtlebot/lib/python3.8/site-packages'
[4.900s] Level 1:colcon.colcon_core.shell:create_environment_hook('camera_turtlebot', 'pythonpath')
[4.901s] INFO:colcon.colcon_core.shell:Creating environment hook '/home/nils/allassignments-gruppe-e/Assignment01_ws/install/camera_turtlebot/share/camera_turtlebot/hook/pythonpath.ps1'
[4.903s] INFO:colcon.colcon_core.shell:Creating environment descriptor '/home/nils/allassignments-gruppe-e/Assignment01_ws/install/camera_turtlebot/share/camera_turtlebot/hook/pythonpath.dsv'
[4.904s] INFO:colcon.colcon_core.shell:Creating environment hook '/home/nils/allassignments-gruppe-e/Assignment01_ws/install/camera_turtlebot/share/camera_turtlebot/hook/pythonpath.sh'
[4.905s] Level 1:colcon.colcon_core.environment:create_environment_scripts_only(camera_turtlebot)
[4.907s] INFO:colcon.colcon_core.shell:Creating package script '/home/nils/allassignments-gruppe-e/Assignment01_ws/install/camera_turtlebot/share/camera_turtlebot/package.ps1'
[4.910s] INFO:colcon.colcon_core.shell:Creating package descriptor '/home/nils/allassignments-gruppe-e/Assignment01_ws/install/camera_turtlebot/share/camera_turtlebot/package.dsv'
[4.913s] INFO:colcon.colcon_core.shell:Creating package script '/home/nils/allassignments-gruppe-e/Assignment01_ws/install/camera_turtlebot/share/camera_turtlebot/package.sh'
[4.917s] INFO:colcon.colcon_core.shell:Creating package script '/home/nils/allassignments-gruppe-e/Assignment01_ws/install/camera_turtlebot/share/camera_turtlebot/package.bash'
[4.921s] INFO:colcon.colcon_core.shell:Creating package script '/home/nils/allassignments-gruppe-e/Assignment01_ws/install/camera_turtlebot/share/camera_turtlebot/package.zsh'
[4.924s] Level 1:colcon.colcon_core.environment:create_file_with_runtime_dependencies(/home/nils/allassignments-gruppe-e/Assignment01_ws/install/camera_turtlebot/share/colcon-core/packages/camera_turtlebot)
[4.927s] INFO:colcon.colcon_ros.task.ament_python.build:Building ROS package in '/home/nils/allassignments-gruppe-e/Assignment01_ws/src/image_display' with build type 'ament_python'
[4.928s] Level 1:colcon.colcon_core.shell:create_environment_hook('image_display', 'ament_prefix_path')
[4.929s] INFO:colcon.colcon_core.shell:Creating environment hook '/home/nils/allassignments-gruppe-e/Assignment01_ws/install/image_display/share/image_display/hook/ament_prefix_path.ps1'
[4.931s] INFO:colcon.colcon_core.shell:Creating environment descriptor '/home/nils/allassignments-gruppe-e/Assignment01_ws/install/image_display/share/image_display/hook/ament_prefix_path.dsv'
[4.932s] INFO:colcon.colcon_core.shell:Creating environment hook '/home/nils/allassignments-gruppe-e/Assignment01_ws/install/image_display/share/image_display/hook/ament_prefix_path.sh'
[4.935s] INFO:colcon.colcon_core.shell:Skip shell extension 'powershell' for command environment: Not usable outside of PowerShell
[4.935s] DEBUG:colcon.colcon_core.shell:Skip shell extension 'dsv' for command environment
[5.651s] INFO:colcon.colcon_core.task.python.build:Building Python package in '/home/nils/allassignments-gruppe-e/Assignment01_ws/src/image_display'
[5.653s] INFO:colcon.colcon_core.shell:Skip shell extension 'powershell' for command environment: Not usable outside of PowerShell
[5.653s] DEBUG:colcon.colcon_core.shell:Skip shell extension 'dsv' for command environment
[6.895s] DEBUG:colcon.colcon_core.event_handler.log_command:Invoking command in '/home/nils/allassignments-gruppe-e/Assignment01_ws/src/image_display': PYTHONPATH=/home/nils/allassignments-gruppe-e/Assignment01_ws/install/image_display/lib/python3.8/site-packages:${PYTHONPATH} /usr/bin/python3 setup.py egg_info --egg-base ../../build/image_display build --build-base /home/nils/allassignments-gruppe-e/Assignment01_ws/build/image_display/build install --prefix /home/nils/allassignments-gruppe-e/Assignment01_ws/install/image_display --record /home/nils/allassignments-gruppe-e/Assignment01_ws/build/image_display/install.log --single-version-externally-managed
[7.887s] Level 1:colcon.colcon_core.environment:checking '/home/nils/allassignments-gruppe-e/Assignment01_ws/install/image_display' for CMake module files
[7.888s] DEBUG:colcon.colcon_core.event_handler.log_command:Invoked command in '/home/nils/allassignments-gruppe-e/Assignment01_ws/src/image_display' returned '0': PYTHONPATH=/home/nils/allassignments-gruppe-e/Assignment01_ws/install/image_display/lib/python3.8/site-packages:${PYTHONPATH} /usr/bin/python3 setup.py egg_info --egg-base ../../build/image_display build --build-base /home/nils/allassignments-gruppe-e/Assignment01_ws/build/image_display/build install --prefix /home/nils/allassignments-gruppe-e/Assignment01_ws/install/image_display --record /home/nils/allassignments-gruppe-e/Assignment01_ws/build/image_display/install.log --single-version-externally-managed
[7.891s] Level 1:colcon.colcon_core.environment:checking '/home/nils/allassignments-gruppe-e/Assignment01_ws/install/image_display' for CMake config files
[7.892s] Level 1:colcon.colcon_core.environment:checking '/home/nils/allassignments-gruppe-e/Assignment01_ws/install/image_display/lib'
[7.892s] Level 1:colcon.colcon_core.environment:checking '/home/nils/allassignments-gruppe-e/Assignment01_ws/install/image_display/bin'
[7.893s] Level 1:colcon.colcon_core.environment:checking '/home/nils/allassignments-gruppe-e/Assignment01_ws/install/image_display/lib/pkgconfig/image_display.pc'
[7.893s] Level 1:colcon.colcon_core.environment:checking '/home/nils/allassignments-gruppe-e/Assignment01_ws/install/image_display/lib/python3.8/site-packages'
[7.894s] Level 1:colcon.colcon_core.shell:create_environment_hook('image_display', 'pythonpath')
[7.895s] INFO:colcon.colcon_core.shell:Creating environment hook '/home/nils/allassignments-gruppe-e/Assignment01_ws/install/image_display/share/image_display/hook/pythonpath.ps1'
[7.896s] INFO:colcon.colcon_core.shell:Creating environment descriptor '/home/nils/allassignments-gruppe-e/Assignment01_ws/install/image_display/share/image_display/hook/pythonpath.dsv'
[7.898s] INFO:colcon.colcon_core.shell:Creating environment hook '/home/nils/allassignments-gruppe-e/Assignment01_ws/install/image_display/share/image_display/hook/pythonpath.sh'
[7.900s] Level 1:colcon.colcon_core.environment:create_environment_scripts_only(image_display)
[7.902s] INFO:colcon.colcon_core.shell:Creating package script '/home/nils/allassignments-gruppe-e/Assignment01_ws/install/image_display/share/image_display/package.ps1'
[7.903s] INFO:colcon.colcon_core.shell:Creating package descriptor '/home/nils/allassignments-gruppe-e/Assignment01_ws/install/image_display/share/image_display/package.dsv'
[7.905s] INFO:colcon.colcon_core.shell:Creating package script '/home/nils/allassignments-gruppe-e/Assignment01_ws/install/image_display/share/image_display/package.sh'
[7.906s] INFO:colcon.colcon_core.shell:Creating package script '/home/nils/allassignments-gruppe-e/Assignment01_ws/install/image_display/share/image_display/package.bash'
[7.908s] INFO:colcon.colcon_core.shell:Creating package script '/home/nils/allassignments-gruppe-e/Assignment01_ws/install/image_display/share/image_display/package.zsh'
[7.909s] Level 1:colcon.colcon_core.environment:create_file_with_runtime_dependencies(/home/nils/allassignments-gruppe-e/Assignment01_ws/install/image_display/share/colcon-core/packages/image_display)
[7.911s] DEBUG:colcon.colcon_parallel_executor.executor.parallel:closing loop
[7.911s] DEBUG:colcon.colcon_parallel_executor.executor.parallel:loop closed
[7.912s] DEBUG:colcon.colcon_parallel_executor.executor.parallel:run_until_complete finished with '0'
[7.912s] DEBUG:colcon.colcon_core.event_reactor:joining thread
[7.956s] INFO:colcon.colcon_core.plugin_system:Skipping extension 'colcon_notification.desktop_notification.terminal_notifier': Not used on non-Darwin systems
[7.956s] INFO:colcon.colcon_core.plugin_system:Skipping extension 'colcon_notification.desktop_notification.win32': Not used on non-Windows systems
[7.956s] INFO:colcon.colcon_notification.desktop_notification:Sending desktop notification using 'notify2'
[8.063s] DEBUG:colcon.colcon_core.event_reactor:joined thread
[8.071s] INFO:colcon.colcon_core.shell:Creating prefix script '/home/nils/allassignments-gruppe-e/Assignment01_ws/install/local_setup.ps1'
[8.078s] INFO:colcon.colcon_core.shell:Creating prefix util module '/home/nils/allassignments-gruppe-e/Assignment01_ws/install/_local_setup_util_ps1.py'
[8.091s] INFO:colcon.colcon_core.shell:Creating prefix chain script '/home/nils/allassignments-gruppe-e/Assignment01_ws/install/setup.ps1'
[8.099s] INFO:colcon.colcon_core.shell:Creating prefix script '/home/nils/allassignments-gruppe-e/Assignment01_ws/install/local_setup.sh'
[8.102s] INFO:colcon.colcon_core.shell:Creating prefix util module '/home/nils/allassignments-gruppe-e/Assignment01_ws/install/_local_setup_util_sh.py'
[8.107s] INFO:colcon.colcon_core.shell:Creating prefix chain script '/home/nils/allassignments-gruppe-e/Assignment01_ws/install/setup.sh'
[8.115s] INFO:colcon.colcon_core.shell:Creating prefix script '/home/nils/allassignments-gruppe-e/Assignment01_ws/install/local_setup.bash'
[8.117s] INFO:colcon.colcon_core.shell:Creating prefix chain script '/home/nils/allassignments-gruppe-e/Assignment01_ws/install/setup.bash'
[8.123s] INFO:colcon.colcon_core.shell:Creating prefix script '/home/nils/allassignments-gruppe-e/Assignment01_ws/install/local_setup.zsh'
[8.136s] INFO:colcon.colcon_core.shell:Creating prefix chain script '/home/nils/allassignments-gruppe-e/Assignment01_ws/install/setup.zsh'
