[2.261s] Invoking command in '/home/nils/allassignments-gruppe-e/Assignment01_ws/src/image_display': PYTHONPATH=/home/nils/allassignments-gruppe-e/Assignment01_ws/install/image_display/lib/python3.8/site-packages:${PYTHONPATH} /usr/bin/python3 setup.py egg_info --egg-base ../../build/image_display build --build-base /home/nils/allassignments-gruppe-e/Assignment01_ws/build/image_display/build install --prefix /home/nils/allassignments-gruppe-e/Assignment01_ws/install/image_display --record /home/nils/allassignments-gruppe-e/Assignment01_ws/build/image_display/install.log --single-version-externally-managed
[2.941s] running egg_info
[2.944s] writing ../../build/image_display/image_display.egg-info/PKG-INFO
[2.945s] writing dependency_links to ../../build/image_display/image_display.egg-info/dependency_links.txt
[2.946s] writing entry points to ../../build/image_display/image_display.egg-info/entry_points.txt
[2.947s] writing requirements to ../../build/image_display/image_display.egg-info/requires.txt
[2.948s] writing top-level names to ../../build/image_display/image_display.egg-info/top_level.txt
[3.085s] reading manifest file '../../build/image_display/image_display.egg-info/SOURCES.txt'
[3.090s] writing manifest file '../../build/image_display/image_display.egg-info/SOURCES.txt'
[3.091s] running build
[3.091s] running build_py
[3.092s] copying image_display/image_display_node.py -> /home/nils/allassignments-gruppe-e/Assignment01_ws/build/image_display/build/lib/image_display
[3.094s] running install
[3.097s] running install_lib
[3.100s] copying /home/nils/allassignments-gruppe-e/Assignment01_ws/build/image_display/build/lib/image_display/image_display_node.py -> /home/nils/allassignments-gruppe-e/Assignment01_ws/install/image_display/lib/python3.8/site-packages/image_display
[3.102s] byte-compiling /home/nils/allassignments-gruppe-e/Assignment01_ws/install/image_display/lib/python3.8/site-packages/image_display/image_display_node.py to image_display_node.cpython-38.pyc
[3.107s]   File "/home/nils/allassignments-gruppe-e/Assignment01_ws/install/image_display/lib/python3.8/site-packages/image_display/image_display_node.py", line 40
[3.108s]     ret = cv2.imwrite(path, str(datetime.now()).replace(' ', '_')+'.jpg'), img_msg)
[3.109s]                                                                                   ^
[3.109s] SyntaxError: unmatched ')'
[3.109s] 
[3.110s] running install_data
[3.112s] running install_egg_info
[3.122s] removing '/home/nils/allassignments-gruppe-e/Assignment01_ws/install/image_display/lib/python3.8/site-packages/image_display-0.0.0-py3.8.egg-info' (and everything under it)
[3.131s] Copying ../../build/image_display/image_display.egg-info to /home/nils/allassignments-gruppe-e/Assignment01_ws/install/image_display/lib/python3.8/site-packages/image_display-0.0.0-py3.8.egg-info
[3.136s] running install_scripts
[3.187s] Installing display script to /home/nils/allassignments-gruppe-e/Assignment01_ws/install/image_display/lib/image_display
[3.191s] writing list of installed files to '/home/nils/allassignments-gruppe-e/Assignment01_ws/build/image_display/install.log'
[3.258s] Invoked command in '/home/nils/allassignments-gruppe-e/Assignment01_ws/src/image_display' returned '0': PYTHONPATH=/home/nils/allassignments-gruppe-e/Assignment01_ws/install/image_display/lib/python3.8/site-packages:${PYTHONPATH} /usr/bin/python3 setup.py egg_info --egg-base ../../build/image_display build --build-base /home/nils/allassignments-gruppe-e/Assignment01_ws/build/image_display/build install --prefix /home/nils/allassignments-gruppe-e/Assignment01_ws/install/image_display --record /home/nils/allassignments-gruppe-e/Assignment01_ws/build/image_display/install.log --single-version-externally-managed
