[2.195s] Invoking command in '/home/nils/allassignments-gruppe-e/Assignment01_ws/src/image_display': PYTHONPATH=/home/nils/allassignments-gruppe-e/Assignment01_ws/install/image_display/lib/python3.8/site-packages:${PYTHONPATH} /usr/bin/python3 setup.py egg_info --egg-base ../../build/image_display build --build-base /home/nils/allassignments-gruppe-e/Assignment01_ws/build/image_display/build install --prefix /home/nils/allassignments-gruppe-e/Assignment01_ws/install/image_display --record /home/nils/allassignments-gruppe-e/Assignment01_ws/build/image_display/install.log --single-version-externally-managed
[2.926s] running egg_info
[2.929s] writing ../../build/image_display/image_display.egg-info/PKG-INFO
[2.930s] writing dependency_links to ../../build/image_display/image_display.egg-info/dependency_links.txt
[2.931s] writing entry points to ../../build/image_display/image_display.egg-info/entry_points.txt
[2.937s] writing requirements to ../../build/image_display/image_display.egg-info/requires.txt
[2.939s] writing top-level names to ../../build/image_display/image_display.egg-info/top_level.txt
[3.085s] reading manifest file '../../build/image_display/image_display.egg-info/SOURCES.txt'
[3.089s] writing manifest file '../../build/image_display/image_display.egg-info/SOURCES.txt'
[3.090s] running build
[3.091s] running build_py
[3.092s] running install
[3.095s] running install_lib
[3.099s] running install_data
[3.101s] running install_egg_info
[3.108s] removing '/home/nils/allassignments-gruppe-e/Assignment01_ws/install/image_display/lib/python3.8/site-packages/image_display-0.0.0-py3.8.egg-info' (and everything under it)
[3.113s] Copying ../../build/image_display/image_display.egg-info to /home/nils/allassignments-gruppe-e/Assignment01_ws/install/image_display/lib/python3.8/site-packages/image_display-0.0.0-py3.8.egg-info
[3.120s] running install_scripts
[3.179s] Installing display script to /home/nils/allassignments-gruppe-e/Assignment01_ws/install/image_display/lib/image_display
[3.181s] writing list of installed files to '/home/nils/allassignments-gruppe-e/Assignment01_ws/build/image_display/install.log'
[3.247s] Invoked command in '/home/nils/allassignments-gruppe-e/Assignment01_ws/src/image_display' returned '0': PYTHONPATH=/home/nils/allassignments-gruppe-e/Assignment01_ws/install/image_display/lib/python3.8/site-packages:${PYTHONPATH} /usr/bin/python3 setup.py egg_info --egg-base ../../build/image_display build --build-base /home/nils/allassignments-gruppe-e/Assignment01_ws/build/image_display/build install --prefix /home/nils/allassignments-gruppe-e/Assignment01_ws/install/image_display --record /home/nils/allassignments-gruppe-e/Assignment01_ws/build/image_display/install.log --single-version-externally-managed
