[0.508s] DEBUG:colcon:Command line arguments: ['/usr/bin/colcon', 'build']
[0.508s] DEBUG:colcon:Parsed command line arguments: Namespace(allow_overriding=[], ament_cmake_args=None, base_paths=['.'], build_base='build', catkin_cmake_args=None, catkin_skip_building_tests=False, cmake_args=None, cmake_clean_cache=False, cmake_clean_first=False, cmake_force_configure=False, cmake_target=None, cmake_target_skip_unavailable=False, continue_on_error=False, event_handlers=None, executor='parallel', ignore_user_meta=False, install_base='install', log_base=None, log_level=None, main=<bound method BuildVerb.main of <colcon_core.verb.build.BuildVerb object at 0x7fc310946160>>, merge_install=False, metas=['./colcon.meta'], packages_above=None, packages_above_and_dependencies=None, packages_above_depth=None, packages_end=None, packages_ignore=None, packages_ignore_regex=None, packages_select=None, packages_select_build_failed=False, packages_select_by_dep=None, packages_select_regex=None, packages_select_test_failures=False, packages_skip=None, packages_skip_build_finished=False, packages_skip_by_dep=None, packages_skip_regex=None, packages_skip_test_passed=False, packages_skip_up_to=None, packages_start=None, packages_up_to=None, packages_up_to_regex=None, parallel_workers=1, paths=None, symlink_install=False, test_result_base=None, verb_extension=<colcon_core.verb.build.BuildVerb object at 0x7fc310946160>, verb_name='build', verb_parser=<colcon_defaults.argument_parser.defaults.DefaultArgumentsDecorator object at 0x7fc3109466a0>)
[0.602s] Level 1:colcon.colcon_core.package_discovery:discover_packages(colcon_meta) check parameters
[0.602s] Level 1:colcon.colcon_core.package_discovery:discover_packages(recursive) check parameters
[0.603s] Level 1:colcon.colcon_core.package_discovery:discover_packages(ignore) check parameters
[0.603s] Level 1:colcon.colcon_core.package_discovery:discover_packages(path) check parameters
[0.603s] Level 1:colcon.colcon_core.package_discovery:discover_packages(colcon_meta) discover
[0.603s] Level 1:colcon.colcon_core.package_discovery:discover_packages(recursive) discover
[0.603s] INFO:colcon.colcon_core.package_discovery:Crawling recursively for packages in '/home/nils/allassignments-gruppe-e/Assignment01_ws'
[0.603s] Level 1:colcon.colcon_core.package_identification:_identify(.) by extensions ['ignore', 'ignore_ament_install']
[0.604s] Level 1:colcon.colcon_core.package_identification:_identify(.) by extension 'ignore'
[0.604s] Level 1:colcon.colcon_core.package_identification:_identify(.) by extension 'ignore_ament_install'
[0.604s] Level 1:colcon.colcon_core.package_identification:_identify(.) by extensions ['colcon_pkg']
[0.604s] Level 1:colcon.colcon_core.package_identification:_identify(.) by extension 'colcon_pkg'
[0.604s] Level 1:colcon.colcon_core.package_identification:_identify(.) by extensions ['colcon_meta']
[0.604s] Level 1:colcon.colcon_core.package_identification:_identify(.) by extension 'colcon_meta'
[0.605s] Level 1:colcon.colcon_core.package_identification:_identify(.) by extensions ['ros']
[0.605s] Level 1:colcon.colcon_core.package_identification:_identify(.) by extension 'ros'
[0.654s] Level 1:colcon.colcon_core.package_identification:_identify(.) by extensions ['cmake', 'python']
[0.655s] Level 1:colcon.colcon_core.package_identification:_identify(.) by extension 'cmake'
[0.655s] Level 1:colcon.colcon_core.package_identification:_identify(.) by extension 'python'
[0.655s] Level 1:colcon.colcon_core.package_identification:_identify(.) by extensions ['python_setup_py']
[0.655s] Level 1:colcon.colcon_core.package_identification:_identify(.) by extension 'python_setup_py'
[0.656s] Level 1:colcon.colcon_core.package_identification:_identify(build) by extensions ['ignore', 'ignore_ament_install']
[0.657s] Level 1:colcon.colcon_core.package_identification:_identify(build) by extension 'ignore'
[0.657s] Level 1:colcon.colcon_core.package_identification:_identify(build) ignored
[0.658s] Level 1:colcon.colcon_core.package_identification:_identify(install) by extensions ['ignore', 'ignore_ament_install']
[0.658s] Level 1:colcon.colcon_core.package_identification:_identify(install) by extension 'ignore'
[0.658s] Level 1:colcon.colcon_core.package_identification:_identify(install) ignored
[0.660s] Level 1:colcon.colcon_core.package_identification:_identify(log) by extensions ['ignore', 'ignore_ament_install']
[0.661s] Level 1:colcon.colcon_core.package_identification:_identify(log) by extension 'ignore'
[0.662s] Level 1:colcon.colcon_core.package_identification:_identify(log) ignored
[0.662s] Level 1:colcon.colcon_core.package_identification:_identify(src) by extensions ['ignore', 'ignore_ament_install']
[0.663s] Level 1:colcon.colcon_core.package_identification:_identify(src) by extension 'ignore'
[0.663s] Level 1:colcon.colcon_core.package_identification:_identify(src) by extension 'ignore_ament_install'
[0.664s] Level 1:colcon.colcon_core.package_identification:_identify(src) by extensions ['colcon_pkg']
[0.664s] Level 1:colcon.colcon_core.package_identification:_identify(src) by extension 'colcon_pkg'
[0.664s] Level 1:colcon.colcon_core.package_identification:_identify(src) by extensions ['colcon_meta']
[0.664s] Level 1:colcon.colcon_core.package_identification:_identify(src) by extension 'colcon_meta'
[0.664s] Level 1:colcon.colcon_core.package_identification:_identify(src) by extensions ['ros']
[0.664s] Level 1:colcon.colcon_core.package_identification:_identify(src) by extension 'ros'
[0.665s] Level 1:colcon.colcon_core.package_identification:_identify(src) by extensions ['cmake', 'python']
[0.665s] Level 1:colcon.colcon_core.package_identification:_identify(src) by extension 'cmake'
[0.666s] Level 1:colcon.colcon_core.package_identification:_identify(src) by extension 'python'
[0.666s] Level 1:colcon.colcon_core.package_identification:_identify(src) by extensions ['python_setup_py']
[0.666s] Level 1:colcon.colcon_core.package_identification:_identify(src) by extension 'python_setup_py'
[0.666s] Level 1:colcon.colcon_core.package_identification:_identify(src/camera_turtlebot) by extensions ['ignore', 'ignore_ament_install']
[0.667s] Level 1:colcon.colcon_core.package_identification:_identify(src/camera_turtlebot) by extension 'ignore'
[0.667s] Level 1:colcon.colcon_core.package_identification:_identify(src/camera_turtlebot) by extension 'ignore_ament_install'
[0.667s] Level 1:colcon.colcon_core.package_identification:_identify(src/camera_turtlebot) by extensions ['colcon_pkg']
[0.667s] Level 1:colcon.colcon_core.package_identification:_identify(src/camera_turtlebot) by extension 'colcon_pkg'
[0.667s] Level 1:colcon.colcon_core.package_identification:_identify(src/camera_turtlebot) by extensions ['colcon_meta']
[0.667s] Level 1:colcon.colcon_core.package_identification:_identify(src/camera_turtlebot) by extension 'colcon_meta'
[0.668s] Level 1:colcon.colcon_core.package_identification:_identify(src/camera_turtlebot) by extensions ['ros']
[0.668s] Level 1:colcon.colcon_core.package_identification:_identify(src/camera_turtlebot) by extension 'ros'
[0.678s] DEBUG:colcon.colcon_core.package_identification:Package 'src/camera_turtlebot' with type 'ros.ament_python' and name 'camera_turtlebot'
[0.678s] Level 1:colcon.colcon_core.package_identification:_identify(src/image_display) by extensions ['ignore', 'ignore_ament_install']
[0.678s] Level 1:colcon.colcon_core.package_identification:_identify(src/image_display) by extension 'ignore'
[0.678s] Level 1:colcon.colcon_core.package_identification:_identify(src/image_display) by extension 'ignore_ament_install'
[0.679s] Level 1:colcon.colcon_core.package_identification:_identify(src/image_display) by extensions ['colcon_pkg']
[0.679s] Level 1:colcon.colcon_core.package_identification:_identify(src/image_display) by extension 'colcon_pkg'
[0.679s] Level 1:colcon.colcon_core.package_identification:_identify(src/image_display) by extensions ['colcon_meta']
[0.679s] Level 1:colcon.colcon_core.package_identification:_identify(src/image_display) by extension 'colcon_meta'
[0.679s] Level 1:colcon.colcon_core.package_identification:_identify(src/image_display) by extensions ['ros']
[0.679s] Level 1:colcon.colcon_core.package_identification:_identify(src/image_display) by extension 'ros'
[0.682s] DEBUG:colcon.colcon_core.package_identification:Package 'src/image_display' with type 'ros.ament_python' and name 'image_display'
[0.682s] Level 1:colcon.colcon_core.package_discovery:discover_packages(recursive) using defaults
[0.682s] Level 1:colcon.colcon_core.package_discovery:discover_packages(ignore) discover
[0.682s] Level 1:colcon.colcon_core.package_discovery:discover_packages(ignore) using defaults
[0.682s] Level 1:colcon.colcon_core.package_discovery:discover_packages(path) discover
[0.682s] Level 1:colcon.colcon_core.package_discovery:discover_packages(path) using defaults
[0.742s] Level 1:colcon.colcon_core.package_discovery:discover_packages(prefix_path) check parameters
[0.742s] Level 1:colcon.colcon_core.package_discovery:discover_packages(prefix_path) discover
[0.748s] DEBUG:colcon.colcon_installed_package_information.package_discovery:Found 0 installed packages in /home/nils/colcon_ws/install
[0.754s] DEBUG:colcon.colcon_installed_package_information.package_discovery:Found 332 installed packages in /opt/ros/foxy
[0.762s] Level 1:colcon.colcon_core.package_discovery:discover_packages(prefix_path) using defaults
[1.077s] Level 5:colcon.colcon_core.verb:set package 'camera_turtlebot' build argument 'cmake_args' from command line to 'None'
[1.077s] Level 5:colcon.colcon_core.verb:set package 'camera_turtlebot' build argument 'cmake_target' from command line to 'None'
[1.078s] Level 5:colcon.colcon_core.verb:set package 'camera_turtlebot' build argument 'cmake_target_skip_unavailable' from command line to 'False'
[1.078s] Level 5:colcon.colcon_core.verb:set package 'camera_turtlebot' build argument 'cmake_clean_cache' from command line to 'False'
[1.078s] Level 5:colcon.colcon_core.verb:set package 'camera_turtlebot' build argument 'cmake_clean_first' from command line to 'False'
[1.078s] Level 5:colcon.colcon_core.verb:set package 'camera_turtlebot' build argument 'cmake_force_configure' from command line to 'False'
[1.078s] Level 5:colcon.colcon_core.verb:set package 'camera_turtlebot' build argument 'ament_cmake_args' from command line to 'None'
[1.078s] Level 5:colcon.colcon_core.verb:set package 'camera_turtlebot' build argument 'catkin_cmake_args' from command line to 'None'
[1.078s] Level 5:colcon.colcon_core.verb:set package 'camera_turtlebot' build argument 'catkin_skip_building_tests' from command line to 'False'
[1.078s] DEBUG:colcon.colcon_core.verb:Building package 'camera_turtlebot' with the following arguments: {'ament_cmake_args': None, 'build_base': '/home/nils/allassignments-gruppe-e/Assignment01_ws/build/camera_turtlebot', 'catkin_cmake_args': None, 'catkin_skip_building_tests': False, 'cmake_args': None, 'cmake_clean_cache': False, 'cmake_clean_first': False, 'cmake_force_configure': False, 'cmake_target': None, 'cmake_target_skip_unavailable': False, 'install_base': '/home/nils/allassignments-gruppe-e/Assignment01_ws/install/camera_turtlebot', 'merge_install': False, 'path': '/home/nils/allassignments-gruppe-e/Assignment01_ws/src/camera_turtlebot', 'symlink_install': False, 'test_result_base': None}
[1.081s] Level 5:colcon.colcon_core.verb:set package 'image_display' build argument 'cmake_args' from command line to 'None'
[1.081s] Level 5:colcon.colcon_core.verb:set package 'image_display' build argument 'cmake_target' from command line to 'None'
[1.081s] Level 5:colcon.colcon_core.verb:set package 'image_display' build argument 'cmake_target_skip_unavailable' from command line to 'False'
[1.081s] Level 5:colcon.colcon_core.verb:set package 'image_display' build argument 'cmake_clean_cache' from command line to 'False'
[1.081s] Level 5:colcon.colcon_core.verb:set package 'image_display' build argument 'cmake_clean_first' from command line to 'False'
[1.081s] Level 5:colcon.colcon_core.verb:set package 'image_display' build argument 'cmake_force_configure' from command line to 'False'
[1.082s] Level 5:colcon.colcon_core.verb:set package 'image_display' build argument 'ament_cmake_args' from command line to 'None'
[1.082s] Level 5:colcon.colcon_core.verb:set package 'image_display' build argument 'catkin_cmake_args' from command line to 'None'
[1.082s] Level 5:colcon.colcon_core.verb:set package 'image_display' build argument 'catkin_skip_building_tests' from command line to 'False'
[1.082s] DEBUG:colcon.colcon_core.verb:Building package 'image_display' with the following arguments: {'ament_cmake_args': None, 'build_base': '/home/nils/allassignments-gruppe-e/Assignment01_ws/build/image_display', 'catkin_cmake_args': None, 'catkin_skip_building_tests': False, 'cmake_args': None, 'cmake_clean_cache': False, 'cmake_clean_first': False, 'cmake_force_configure': False, 'cmake_target': None, 'cmake_target_skip_unavailable': False, 'install_base': '/home/nils/allassignments-gruppe-e/Assignment01_ws/install/image_display', 'merge_install': False, 'path': '/home/nils/allassignments-gruppe-e/Assignment01_ws/src/image_display', 'symlink_install': False, 'test_result_base': None}
[1.083s] INFO:colcon.colcon_core.executor:Executing jobs using 'parallel' executor
[1.088s] DEBUG:colcon.colcon_parallel_executor.executor.parallel:run_until_complete
[1.089s] INFO:colcon.colcon_ros.task.ament_python.build:Building ROS package in '/home/nils/allassignments-gruppe-e/Assignment01_ws/src/camera_turtlebot' with build type 'ament_python'
[1.089s] Level 1:colcon.colcon_core.shell:create_environment_hook('camera_turtlebot', 'ament_prefix_path')
[1.100s] INFO:colcon.colcon_core.plugin_system:Skipping extension 'colcon_core.shell.bat': Not used on non-Windows systems
[1.100s] INFO:colcon.colcon_core.shell:Creating environment hook '/home/nils/allassignments-gruppe-e/Assignment01_ws/install/camera_turtlebot/share/camera_turtlebot/hook/ament_prefix_path.ps1'
[1.102s] INFO:colcon.colcon_core.shell:Creating environment descriptor '/home/nils/allassignments-gruppe-e/Assignment01_ws/install/camera_turtlebot/share/camera_turtlebot/hook/ament_prefix_path.dsv'
[1.111s] INFO:colcon.colcon_core.shell:Creating environment hook '/home/nils/allassignments-gruppe-e/Assignment01_ws/install/camera_turtlebot/share/camera_turtlebot/hook/ament_prefix_path.sh'
[1.116s] INFO:colcon.colcon_core.shell:Skip shell extension 'powershell' for command environment: Not usable outside of PowerShell
[1.116s] DEBUG:colcon.colcon_core.shell:Skip shell extension 'dsv' for command environment
[2.351s] INFO:colcon.colcon_core.task.python.build:Building Python package in '/home/nils/allassignments-gruppe-e/Assignment01_ws/src/camera_turtlebot'
[2.354s] INFO:colcon.colcon_core.shell:Skip shell extension 'powershell' for command environment: Not usable outside of PowerShell
[2.354s] DEBUG:colcon.colcon_core.shell:Skip shell extension 'dsv' for command environment
[3.846s] DEBUG:colcon.colcon_core.event_handler.log_command:Invoking command in '/home/nils/allassignments-gruppe-e/Assignment01_ws/src/camera_turtlebot': PYTHONPATH=/home/nils/allassignments-gruppe-e/Assignment01_ws/install/camera_turtlebot/lib/python3.8/site-packages:${PYTHONPATH} /usr/bin/python3 setup.py egg_info --egg-base ../../build/camera_turtlebot build --build-base /home/nils/allassignments-gruppe-e/Assignment01_ws/build/camera_turtlebot/build install --prefix /home/nils/allassignments-gruppe-e/Assignment01_ws/install/camera_turtlebot --record /home/nils/allassignments-gruppe-e/Assignment01_ws/build/camera_turtlebot/install.log --single-version-externally-managed
[5.439s] DEBUG:colcon.colcon_core.event_handler.log_command:Invoked command in '/home/nils/allassignments-gruppe-e/Assignment01_ws/src/camera_turtlebot' returned '0': PYTHONPATH=/home/nils/allassignments-gruppe-e/Assignment01_ws/install/camera_turtlebot/lib/python3.8/site-packages:${PYTHONPATH} /usr/bin/python3 setup.py egg_info --egg-base ../../build/camera_turtlebot build --build-base /home/nils/allassignments-gruppe-e/Assignment01_ws/build/camera_turtlebot/build install --prefix /home/nils/allassignments-gruppe-e/Assignment01_ws/install/camera_turtlebot --record /home/nils/allassignments-gruppe-e/Assignment01_ws/build/camera_turtlebot/install.log --single-version-externally-managed
[5.451s] Level 1:colcon.colcon_core.environment:checking '/home/nils/allassignments-gruppe-e/Assignment01_ws/install/camera_turtlebot' for CMake module files
[5.452s] Level 1:colcon.colcon_core.environment:checking '/home/nils/allassignments-gruppe-e/Assignment01_ws/install/camera_turtlebot' for CMake config files
[5.454s] Level 1:colcon.colcon_core.environment:checking '/home/nils/allassignments-gruppe-e/Assignment01_ws/install/camera_turtlebot/lib'
[5.455s] Level 1:colcon.colcon_core.environment:checking '/home/nils/allassignments-gruppe-e/Assignment01_ws/install/camera_turtlebot/bin'
[5.455s] Level 1:colcon.colcon_core.environment:checking '/home/nils/allassignments-gruppe-e/Assignment01_ws/install/camera_turtlebot/lib/pkgconfig/camera_turtlebot.pc'
[5.456s] Level 1:colcon.colcon_core.environment:checking '/home/nils/allassignments-gruppe-e/Assignment01_ws/install/camera_turtlebot/lib/python3.8/site-packages'
[5.456s] Level 1:colcon.colcon_core.shell:create_environment_hook('camera_turtlebot', 'pythonpath')
[5.458s] INFO:colcon.colcon_core.shell:Creating environment hook '/home/nils/allassignments-gruppe-e/Assignment01_ws/install/camera_turtlebot/share/camera_turtlebot/hook/pythonpath.ps1'
[5.459s] INFO:colcon.colcon_core.shell:Creating environment descriptor '/home/nils/allassignments-gruppe-e/Assignment01_ws/install/camera_turtlebot/share/camera_turtlebot/hook/pythonpath.dsv'
[5.460s] INFO:colcon.colcon_core.shell:Creating environment hook '/home/nils/allassignments-gruppe-e/Assignment01_ws/install/camera_turtlebot/share/camera_turtlebot/hook/pythonpath.sh'
[5.461s] Level 1:colcon.colcon_core.environment:create_environment_scripts_only(camera_turtlebot)
[5.464s] INFO:colcon.colcon_core.shell:Creating package script '/home/nils/allassignments-gruppe-e/Assignment01_ws/install/camera_turtlebot/share/camera_turtlebot/package.ps1'
[5.467s] INFO:colcon.colcon_core.shell:Creating package descriptor '/home/nils/allassignments-gruppe-e/Assignment01_ws/install/camera_turtlebot/share/camera_turtlebot/package.dsv'
[5.469s] INFO:colcon.colcon_core.shell:Creating package script '/home/nils/allassignments-gruppe-e/Assignment01_ws/install/camera_turtlebot/share/camera_turtlebot/package.sh'
[5.473s] INFO:colcon.colcon_core.shell:Creating package script '/home/nils/allassignments-gruppe-e/Assignment01_ws/install/camera_turtlebot/share/camera_turtlebot/package.bash'
[5.475s] INFO:colcon.colcon_core.shell:Creating package script '/home/nils/allassignments-gruppe-e/Assignment01_ws/install/camera_turtlebot/share/camera_turtlebot/package.zsh'
[5.478s] Level 1:colcon.colcon_core.environment:create_file_with_runtime_dependencies(/home/nils/allassignments-gruppe-e/Assignment01_ws/install/camera_turtlebot/share/colcon-core/packages/camera_turtlebot)
[5.481s] INFO:colcon.colcon_ros.task.ament_python.build:Building ROS package in '/home/nils/allassignments-gruppe-e/Assignment01_ws/src/image_display' with build type 'ament_python'
[5.482s] Level 1:colcon.colcon_core.shell:create_environment_hook('image_display', 'ament_prefix_path')
[5.484s] INFO:colcon.colcon_core.shell:Creating environment hook '/home/nils/allassignments-gruppe-e/Assignment01_ws/install/image_display/share/image_display/hook/ament_prefix_path.ps1'
[5.485s] INFO:colcon.colcon_core.shell:Creating environment descriptor '/home/nils/allassignments-gruppe-e/Assignment01_ws/install/image_display/share/image_display/hook/ament_prefix_path.dsv'
[5.486s] INFO:colcon.colcon_core.shell:Creating environment hook '/home/nils/allassignments-gruppe-e/Assignment01_ws/install/image_display/share/image_display/hook/ament_prefix_path.sh'
[5.489s] INFO:colcon.colcon_core.shell:Skip shell extension 'powershell' for command environment: Not usable outside of PowerShell
[5.489s] DEBUG:colcon.colcon_core.shell:Skip shell extension 'dsv' for command environment
[6.711s] INFO:colcon.colcon_core.task.python.build:Building Python package in '/home/nils/allassignments-gruppe-e/Assignment01_ws/src/image_display'
[6.715s] INFO:colcon.colcon_core.shell:Skip shell extension 'powershell' for command environment: Not usable outside of PowerShell
[6.715s] DEBUG:colcon.colcon_core.shell:Skip shell extension 'dsv' for command environment
[8.028s] DEBUG:colcon.colcon_core.event_handler.log_command:Invoking command in '/home/nils/allassignments-gruppe-e/Assignment01_ws/src/image_display': PYTHONPATH=/home/nils/allassignments-gruppe-e/Assignment01_ws/install/image_display/lib/python3.8/site-packages:${PYTHONPATH} /usr/bin/python3 setup.py egg_info --egg-base ../../build/image_display build --build-base /home/nils/allassignments-gruppe-e/Assignment01_ws/build/image_display/build install --prefix /home/nils/allassignments-gruppe-e/Assignment01_ws/install/image_display --record /home/nils/allassignments-gruppe-e/Assignment01_ws/build/image_display/install.log --single-version-externally-managed
[9.030s] Level 1:colcon.colcon_core.environment:checking '/home/nils/allassignments-gruppe-e/Assignment01_ws/install/image_display' for CMake module files
[9.031s] DEBUG:colcon.colcon_core.event_handler.log_command:Invoked command in '/home/nils/allassignments-gruppe-e/Assignment01_ws/src/image_display' returned '0': PYTHONPATH=/home/nils/allassignments-gruppe-e/Assignment01_ws/install/image_display/lib/python3.8/site-packages:${PYTHONPATH} /usr/bin/python3 setup.py egg_info --egg-base ../../build/image_display build --build-base /home/nils/allassignments-gruppe-e/Assignment01_ws/build/image_display/build install --prefix /home/nils/allassignments-gruppe-e/Assignment01_ws/install/image_display --record /home/nils/allassignments-gruppe-e/Assignment01_ws/build/image_display/install.log --single-version-externally-managed
[9.033s] Level 1:colcon.colcon_core.environment:checking '/home/nils/allassignments-gruppe-e/Assignment01_ws/install/image_display' for CMake config files
[9.034s] Level 1:colcon.colcon_core.environment:checking '/home/nils/allassignments-gruppe-e/Assignment01_ws/install/image_display/lib'
[9.035s] Level 1:colcon.colcon_core.environment:checking '/home/nils/allassignments-gruppe-e/Assignment01_ws/install/image_display/bin'
[9.036s] Level 1:colcon.colcon_core.environment:checking '/home/nils/allassignments-gruppe-e/Assignment01_ws/install/image_display/lib/pkgconfig/image_display.pc'
[9.036s] Level 1:colcon.colcon_core.environment:checking '/home/nils/allassignments-gruppe-e/Assignment01_ws/install/image_display/lib/python3.8/site-packages'
[9.037s] Level 1:colcon.colcon_core.shell:create_environment_hook('image_display', 'pythonpath')
[9.038s] INFO:colcon.colcon_core.shell:Creating environment hook '/home/nils/allassignments-gruppe-e/Assignment01_ws/install/image_display/share/image_display/hook/pythonpath.ps1'
[9.040s] INFO:colcon.colcon_core.shell:Creating environment descriptor '/home/nils/allassignments-gruppe-e/Assignment01_ws/install/image_display/share/image_display/hook/pythonpath.dsv'
[9.041s] INFO:colcon.colcon_core.shell:Creating environment hook '/home/nils/allassignments-gruppe-e/Assignment01_ws/install/image_display/share/image_display/hook/pythonpath.sh'
[9.042s] Level 1:colcon.colcon_core.environment:create_environment_scripts_only(image_display)
[9.047s] INFO:colcon.colcon_core.shell:Creating package script '/home/nils/allassignments-gruppe-e/Assignment01_ws/install/image_display/share/image_display/package.ps1'
[9.049s] INFO:colcon.colcon_core.shell:Creating package descriptor '/home/nils/allassignments-gruppe-e/Assignment01_ws/install/image_display/share/image_display/package.dsv'
[9.050s] INFO:colcon.colcon_core.shell:Creating package script '/home/nils/allassignments-gruppe-e/Assignment01_ws/install/image_display/share/image_display/package.sh'
[9.052s] INFO:colcon.colcon_core.shell:Creating package script '/home/nils/allassignments-gruppe-e/Assignment01_ws/install/image_display/share/image_display/package.bash'
[9.053s] INFO:colcon.colcon_core.shell:Creating package script '/home/nils/allassignments-gruppe-e/Assignment01_ws/install/image_display/share/image_display/package.zsh'
[9.054s] Level 1:colcon.colcon_core.environment:create_file_with_runtime_dependencies(/home/nils/allassignments-gruppe-e/Assignment01_ws/install/image_display/share/colcon-core/packages/image_display)
[9.056s] DEBUG:colcon.colcon_parallel_executor.executor.parallel:closing loop
[9.057s] DEBUG:colcon.colcon_parallel_executor.executor.parallel:loop closed
[9.057s] DEBUG:colcon.colcon_parallel_executor.executor.parallel:run_until_complete finished with '0'
[9.057s] DEBUG:colcon.colcon_core.event_reactor:joining thread
[9.096s] INFO:colcon.colcon_core.plugin_system:Skipping extension 'colcon_notification.desktop_notification.terminal_notifier': Not used on non-Darwin systems
[9.098s] INFO:colcon.colcon_core.plugin_system:Skipping extension 'colcon_notification.desktop_notification.win32': Not used on non-Windows systems
[9.098s] INFO:colcon.colcon_notification.desktop_notification:Sending desktop notification using 'notify2'
[9.137s] DEBUG:colcon.colcon_core.event_reactor:joined thread
[9.138s] INFO:colcon.colcon_core.shell:Creating prefix script '/home/nils/allassignments-gruppe-e/Assignment01_ws/install/local_setup.ps1'
[9.146s] INFO:colcon.colcon_core.shell:Creating prefix util module '/home/nils/allassignments-gruppe-e/Assignment01_ws/install/_local_setup_util_ps1.py'
[9.157s] INFO:colcon.colcon_core.shell:Creating prefix chain script '/home/nils/allassignments-gruppe-e/Assignment01_ws/install/setup.ps1'
[9.165s] INFO:colcon.colcon_core.shell:Creating prefix script '/home/nils/allassignments-gruppe-e/Assignment01_ws/install/local_setup.sh'
[9.167s] INFO:colcon.colcon_core.shell:Creating prefix util module '/home/nils/allassignments-gruppe-e/Assignment01_ws/install/_local_setup_util_sh.py'
[9.173s] INFO:colcon.colcon_core.shell:Creating prefix chain script '/home/nils/allassignments-gruppe-e/Assignment01_ws/install/setup.sh'
[9.181s] INFO:colcon.colcon_core.shell:Creating prefix script '/home/nils/allassignments-gruppe-e/Assignment01_ws/install/local_setup.bash'
[9.183s] INFO:colcon.colcon_core.shell:Creating prefix chain script '/home/nils/allassignments-gruppe-e/Assignment01_ws/install/setup.bash'
[9.189s] INFO:colcon.colcon_core.shell:Creating prefix script '/home/nils/allassignments-gruppe-e/Assignment01_ws/install/local_setup.zsh'
[9.193s] INFO:colcon.colcon_core.shell:Creating prefix chain script '/home/nils/allassignments-gruppe-e/Assignment01_ws/install/setup.zsh'
