[2.093s] Invoking command in '/home/nils/allassignments-gruppe-e/Assignment01_ws/src/camera_turtlebot': PYTHONPATH=/home/nils/allassignments-gruppe-e/Assignment01_ws/install/camera_turtlebot/lib/python3.8/site-packages:${PYTHONPATH} /usr/bin/python3 setup.py egg_info --egg-base ../../build/camera_turtlebot build --build-base /home/nils/allassignments-gruppe-e/Assignment01_ws/build/camera_turtlebot/build install --prefix /home/nils/allassignments-gruppe-e/Assignment01_ws/install/camera_turtlebot --record /home/nils/allassignments-gruppe-e/Assignment01_ws/build/camera_turtlebot/install.log --single-version-externally-managed
[2.776s] running egg_info
[2.778s] writing ../../build/camera_turtlebot/camera_turtlebot.egg-info/PKG-INFO
[2.779s] writing dependency_links to ../../build/camera_turtlebot/camera_turtlebot.egg-info/dependency_links.txt
[2.780s] writing entry points to ../../build/camera_turtlebot/camera_turtlebot.egg-info/entry_points.txt
[2.781s] writing requirements to ../../build/camera_turtlebot/camera_turtlebot.egg-info/requires.txt
[2.782s] writing top-level names to ../../build/camera_turtlebot/camera_turtlebot.egg-info/top_level.txt
[2.913s] reading manifest file '../../build/camera_turtlebot/camera_turtlebot.egg-info/SOURCES.txt'
[2.918s] writing manifest file '../../build/camera_turtlebot/camera_turtlebot.egg-info/SOURCES.txt'
[2.919s] running build
[2.919s] running build_py
[2.920s] copying camera_turtlebot/camera_node.py -> /home/nils/allassignments-gruppe-e/Assignment01_ws/build/camera_turtlebot/build/lib/camera_turtlebot
[2.921s] running install
[2.924s] running install_lib
[2.928s] copying /home/nils/allassignments-gruppe-e/Assignment01_ws/build/camera_turtlebot/build/lib/camera_turtlebot/camera_node.py -> /home/nils/allassignments-gruppe-e/Assignment01_ws/install/camera_turtlebot/lib/python3.8/site-packages/camera_turtlebot
[2.930s] byte-compiling /home/nils/allassignments-gruppe-e/Assignment01_ws/install/camera_turtlebot/lib/python3.8/site-packages/camera_turtlebot/camera_node.py to camera_node.cpython-38.pyc
[2.935s] running install_data
[2.937s] running install_egg_info
[2.945s] removing '/home/nils/allassignments-gruppe-e/Assignment01_ws/install/camera_turtlebot/lib/python3.8/site-packages/camera_turtlebot-0.0.0-py3.8.egg-info' (and everything under it)
[2.954s] Copying ../../build/camera_turtlebot/camera_turtlebot.egg-info to /home/nils/allassignments-gruppe-e/Assignment01_ws/install/camera_turtlebot/lib/python3.8/site-packages/camera_turtlebot-0.0.0-py3.8.egg-info
[2.957s] running install_scripts
[3.006s] Installing camera script to /home/nils/allassignments-gruppe-e/Assignment01_ws/install/camera_turtlebot/lib/camera_turtlebot
[3.007s] Installing processing script to /home/nils/allassignments-gruppe-e/Assignment01_ws/install/camera_turtlebot/lib/camera_turtlebot
[3.009s] writing list of installed files to '/home/nils/allassignments-gruppe-e/Assignment01_ws/build/camera_turtlebot/install.log'
[3.080s] Invoked command in '/home/nils/allassignments-gruppe-e/Assignment01_ws/src/camera_turtlebot' returned '0': PYTHONPATH=/home/nils/allassignments-gruppe-e/Assignment01_ws/install/camera_turtlebot/lib/python3.8/site-packages:${PYTHONPATH} /usr/bin/python3 setup.py egg_info --egg-base ../../build/camera_turtlebot build --build-base /home/nils/allassignments-gruppe-e/Assignment01_ws/build/camera_turtlebot/build install --prefix /home/nils/allassignments-gruppe-e/Assignment01_ws/install/camera_turtlebot --record /home/nils/allassignments-gruppe-e/Assignment01_ws/build/camera_turtlebot/install.log --single-version-externally-managed
