[2.132s] Invoking command in '/home/nils/allassignments-gruppe-e/Assignment01_ws/src/camera_turtlebot': PYTHONPATH=/home/nils/allassignments-gruppe-e/Assignment01_ws/install/camera_turtlebot/lib/python3.8/site-packages:${PYTHONPATH} /usr/bin/python3 setup.py egg_info --egg-base ../../build/camera_turtlebot build --build-base /home/nils/allassignments-gruppe-e/Assignment01_ws/build/camera_turtlebot/build install --prefix /home/nils/allassignments-gruppe-e/Assignment01_ws/install/camera_turtlebot --record /home/nils/allassignments-gruppe-e/Assignment01_ws/build/camera_turtlebot/install.log --single-version-externally-managed
[2.855s] running egg_info
[2.857s] writing ../../build/camera_turtlebot/camera_turtlebot.egg-info/PKG-INFO
[2.858s] writing dependency_links to ../../build/camera_turtlebot/camera_turtlebot.egg-info/dependency_links.txt
[2.860s] writing entry points to ../../build/camera_turtlebot/camera_turtlebot.egg-info/entry_points.txt
[2.861s] writing requirements to ../../build/camera_turtlebot/camera_turtlebot.egg-info/requires.txt
[2.862s] writing top-level names to ../../build/camera_turtlebot/camera_turtlebot.egg-info/top_level.txt
[3.003s] reading manifest file '../../build/camera_turtlebot/camera_turtlebot.egg-info/SOURCES.txt'
[3.007s] writing manifest file '../../build/camera_turtlebot/camera_turtlebot.egg-info/SOURCES.txt'
[3.008s] running build
[3.008s] running build_py
[3.010s] running install
[3.012s] running install_lib
[3.017s] running install_data
[3.018s] running install_egg_info
[3.024s] removing '/home/nils/allassignments-gruppe-e/Assignment01_ws/install/camera_turtlebot/lib/python3.8/site-packages/camera_turtlebot-0.0.0-py3.8.egg-info' (and everything under it)
[3.032s] Copying ../../build/camera_turtlebot/camera_turtlebot.egg-info to /home/nils/allassignments-gruppe-e/Assignment01_ws/install/camera_turtlebot/lib/python3.8/site-packages/camera_turtlebot-0.0.0-py3.8.egg-info
[3.035s] running install_scripts
[3.094s] Installing camera script to /home/nils/allassignments-gruppe-e/Assignment01_ws/install/camera_turtlebot/lib/camera_turtlebot
[3.096s] Installing processing script to /home/nils/allassignments-gruppe-e/Assignment01_ws/install/camera_turtlebot/lib/camera_turtlebot
[3.097s] writing list of installed files to '/home/nils/allassignments-gruppe-e/Assignment01_ws/build/camera_turtlebot/install.log'
[3.168s] Invoked command in '/home/nils/allassignments-gruppe-e/Assignment01_ws/src/camera_turtlebot' returned '0': PYTHONPATH=/home/nils/allassignments-gruppe-e/Assignment01_ws/install/camera_turtlebot/lib/python3.8/site-packages:${PYTHONPATH} /usr/bin/python3 setup.py egg_info --egg-base ../../build/camera_turtlebot build --build-base /home/nils/allassignments-gruppe-e/Assignment01_ws/build/camera_turtlebot/build install --prefix /home/nils/allassignments-gruppe-e/Assignment01_ws/install/camera_turtlebot --record /home/nils/allassignments-gruppe-e/Assignment01_ws/build/camera_turtlebot/install.log --single-version-externally-managed
