running egg_info
creating ../../build/camera_turtlebot/camera_turtlebot.egg-info
writing ../../build/camera_turtlebot/camera_turtlebot.egg-info/PKG-INFO
writing dependency_links to ../../build/camera_turtlebot/camera_turtlebot.egg-info/dependency_links.txt
writing entry points to ../../build/camera_turtlebot/camera_turtlebot.egg-info/entry_points.txt
writing requirements to ../../build/camera_turtlebot/camera_turtlebot.egg-info/requires.txt
writing top-level names to ../../build/camera_turtlebot/camera_turtlebot.egg-info/top_level.txt
writing manifest file '../../build/camera_turtlebot/camera_turtlebot.egg-info/SOURCES.txt'
reading manifest file '../../build/camera_turtlebot/camera_turtlebot.egg-info/SOURCES.txt'
writing manifest file '../../build/camera_turtlebot/camera_turtlebot.egg-info/SOURCES.txt'
running build
running build_py
creating /home/henriette/AutonomousVehicles/Submission/allassignments-gruppe-e/Assignment01_ws/build/camera_turtlebot/build
creating /home/henriette/AutonomousVehicles/Submission/allassignments-gruppe-e/Assignment01_ws/build/camera_turtlebot/build/lib
creating /home/henriette/AutonomousVehicles/Submission/allassignments-gruppe-e/Assignment01_ws/build/camera_turtlebot/build/lib/camera_turtlebot
copying camera_turtlebot/__init__.py -> /home/henriette/AutonomousVehicles/Submission/allassignments-gruppe-e/Assignment01_ws/build/camera_turtlebot/build/lib/camera_turtlebot
copying camera_turtlebot/camera_node.py -> /home/henriette/AutonomousVehicles/Submission/allassignments-gruppe-e/Assignment01_ws/build/camera_turtlebot/build/lib/camera_turtlebot
copying camera_turtlebot/image_processing_node.py -> /home/henriette/AutonomousVehicles/Submission/allassignments-gruppe-e/Assignment01_ws/build/camera_turtlebot/build/lib/camera_turtlebot
running install
running install_lib
creating /home/henriette/AutonomousVehicles/Submission/allassignments-gruppe-e/Assignment01_ws/install/camera_turtlebot/lib/python3.8/site-packages/camera_turtlebot
copying /home/henriette/AutonomousVehicles/Submission/allassignments-gruppe-e/Assignment01_ws/build/camera_turtlebot/build/lib/camera_turtlebot/__init__.py -> /home/henriette/AutonomousVehicles/Submission/allassignments-gruppe-e/Assignment01_ws/install/camera_turtlebot/lib/python3.8/site-packages/camera_turtlebot
copying /home/henriette/AutonomousVehicles/Submission/allassignments-gruppe-e/Assignment01_ws/build/camera_turtlebot/build/lib/camera_turtlebot/camera_node.py -> /home/henriette/AutonomousVehicles/Submission/allassignments-gruppe-e/Assignment01_ws/install/camera_turtlebot/lib/python3.8/site-packages/camera_turtlebot
copying /home/henriette/AutonomousVehicles/Submission/allassignments-gruppe-e/Assignment01_ws/build/camera_turtlebot/build/lib/camera_turtlebot/image_processing_node.py -> /home/henriette/AutonomousVehicles/Submission/allassignments-gruppe-e/Assignment01_ws/install/camera_turtlebot/lib/python3.8/site-packages/camera_turtlebot
byte-compiling /home/henriette/AutonomousVehicles/Submission/allassignments-gruppe-e/Assignment01_ws/install/camera_turtlebot/lib/python3.8/site-packages/camera_turtlebot/__init__.py to __init__.cpython-38.pyc
byte-compiling /home/henriette/AutonomousVehicles/Submission/allassignments-gruppe-e/Assignment01_ws/install/camera_turtlebot/lib/python3.8/site-packages/camera_turtlebot/camera_node.py to camera_node.cpython-38.pyc
byte-compiling /home/henriette/AutonomousVehicles/Submission/allassignments-gruppe-e/Assignment01_ws/install/camera_turtlebot/lib/python3.8/site-packages/camera_turtlebot/image_processing_node.py to image_processing_node.cpython-38.pyc
running install_data
creating /home/henriette/AutonomousVehicles/Submission/allassignments-gruppe-e/Assignment01_ws/install/camera_turtlebot/share/ament_index
creating /home/henriette/AutonomousVehicles/Submission/allassignments-gruppe-e/Assignment01_ws/install/camera_turtlebot/share/ament_index/resource_index
creating /home/henriette/AutonomousVehicles/Submission/allassignments-gruppe-e/Assignment01_ws/install/camera_turtlebot/share/ament_index/resource_index/packages
copying resource/camera_turtlebot -> /home/henriette/AutonomousVehicles/Submission/allassignments-gruppe-e/Assignment01_ws/install/camera_turtlebot/share/ament_index/resource_index/packages
copying package.xml -> /home/henriette/AutonomousVehicles/Submission/allassignments-gruppe-e/Assignment01_ws/install/camera_turtlebot/share/camera_turtlebot
running install_egg_info
Copying ../../build/camera_turtlebot/camera_turtlebot.egg-info to /home/henriette/AutonomousVehicles/Submission/allassignments-gruppe-e/Assignment01_ws/install/camera_turtlebot/lib/python3.8/site-packages/camera_turtlebot-0.0.0-py3.8.egg-info
running install_scripts
Installing camera script to /home/henriette/AutonomousVehicles/Submission/allassignments-gruppe-e/Assignment01_ws/install/camera_turtlebot/lib/camera_turtlebot
Installing processing script to /home/henriette/AutonomousVehicles/Submission/allassignments-gruppe-e/Assignment01_ws/install/camera_turtlebot/lib/camera_turtlebot
writing list of installed files to '/home/henriette/AutonomousVehicles/Submission/allassignments-gruppe-e/Assignment01_ws/build/camera_turtlebot/install.log'
