[0.451s] DEBUG:colcon:Command line arguments: ['/usr/bin/colcon', 'build']
[0.451s] DEBUG:colcon:Parsed command line arguments: Namespace(allow_overriding=[], ament_cmake_args=None, base_paths=['.'], build_base='build', catkin_cmake_args=None, catkin_skip_building_tests=False, cmake_args=None, cmake_clean_cache=False, cmake_clean_first=False, cmake_force_configure=False, cmake_target=None, cmake_target_skip_unavailable=False, continue_on_error=False, event_handlers=None, executor='parallel', ignore_user_meta=False, install_base='install', log_base=None, log_level=None, main=<bound method BuildVerb.main of <colcon_core.verb.build.BuildVerb object at 0x7fc322f743a0>>, merge_install=False, metas=['./colcon.meta'], packages_above=None, packages_above_and_dependencies=None, packages_above_depth=None, packages_end=None, packages_ignore=None, packages_ignore_regex=None, packages_select=None, packages_select_build_failed=False, packages_select_by_dep=None, packages_select_regex=None, packages_select_test_failures=False, packages_skip=None, packages_skip_build_finished=False, packages_skip_by_dep=None, packages_skip_regex=None, packages_skip_test_passed=False, packages_skip_up_to=None, packages_start=None, packages_up_to=None, packages_up_to_regex=None, parallel_workers=1, paths=None, symlink_install=False, test_result_base=None, verb_extension=<colcon_core.verb.build.BuildVerb object at 0x7fc322f743a0>, verb_name='build', verb_parser=<colcon_defaults.argument_parser.defaults.DefaultArgumentsDecorator object at 0x7fc322f748e0>)
[0.528s] Level 1:colcon.colcon_core.package_discovery:discover_packages(colcon_meta) check parameters
[0.528s] Level 1:colcon.colcon_core.package_discovery:discover_packages(recursive) check parameters
[0.528s] Level 1:colcon.colcon_core.package_discovery:discover_packages(ignore) check parameters
[0.528s] Level 1:colcon.colcon_core.package_discovery:discover_packages(path) check parameters
[0.528s] Level 1:colcon.colcon_core.package_discovery:discover_packages(colcon_meta) discover
[0.528s] Level 1:colcon.colcon_core.package_discovery:discover_packages(recursive) discover
[0.529s] INFO:colcon.colcon_core.package_discovery:Crawling recursively for packages in '/home/nils/allassignments-gruppe-e/Assignment01_ws'
[0.529s] Level 1:colcon.colcon_core.package_identification:_identify(.) by extensions ['ignore', 'ignore_ament_install']
[0.529s] Level 1:colcon.colcon_core.package_identification:_identify(.) by extension 'ignore'
[0.529s] Level 1:colcon.colcon_core.package_identification:_identify(.) by extension 'ignore_ament_install'
[0.529s] Level 1:colcon.colcon_core.package_identification:_identify(.) by extensions ['colcon_pkg']
[0.530s] Level 1:colcon.colcon_core.package_identification:_identify(.) by extension 'colcon_pkg'
[0.530s] Level 1:colcon.colcon_core.package_identification:_identify(.) by extensions ['colcon_meta']
[0.530s] Level 1:colcon.colcon_core.package_identification:_identify(.) by extension 'colcon_meta'
[0.530s] Level 1:colcon.colcon_core.package_identification:_identify(.) by extensions ['ros']
[0.531s] Level 1:colcon.colcon_core.package_identification:_identify(.) by extension 'ros'
[0.565s] Level 1:colcon.colcon_core.package_identification:_identify(.) by extensions ['cmake', 'python']
[0.566s] Level 1:colcon.colcon_core.package_identification:_identify(.) by extension 'cmake'
[0.566s] Level 1:colcon.colcon_core.package_identification:_identify(.) by extension 'python'
[0.566s] Level 1:colcon.colcon_core.package_identification:_identify(.) by extensions ['python_setup_py']
[0.566s] Level 1:colcon.colcon_core.package_identification:_identify(.) by extension 'python_setup_py'
[0.566s] Level 1:colcon.colcon_core.package_identification:_identify(build) by extensions ['ignore', 'ignore_ament_install']
[0.567s] Level 1:colcon.colcon_core.package_identification:_identify(build) by extension 'ignore'
[0.567s] Level 1:colcon.colcon_core.package_identification:_identify(build) ignored
[0.567s] Level 1:colcon.colcon_core.package_identification:_identify(install) by extensions ['ignore', 'ignore_ament_install']
[0.567s] Level 1:colcon.colcon_core.package_identification:_identify(install) by extension 'ignore'
[0.568s] Level 1:colcon.colcon_core.package_identification:_identify(install) ignored
[0.568s] Level 1:colcon.colcon_core.package_identification:_identify(log) by extensions ['ignore', 'ignore_ament_install']
[0.568s] Level 1:colcon.colcon_core.package_identification:_identify(log) by extension 'ignore'
[0.568s] Level 1:colcon.colcon_core.package_identification:_identify(log) ignored
[0.569s] Level 1:colcon.colcon_core.package_identification:_identify(src) by extensions ['ignore', 'ignore_ament_install']
[0.569s] Level 1:colcon.colcon_core.package_identification:_identify(src) by extension 'ignore'
[0.569s] Level 1:colcon.colcon_core.package_identification:_identify(src) by extension 'ignore_ament_install'
[0.569s] Level 1:colcon.colcon_core.package_identification:_identify(src) by extensions ['colcon_pkg']
[0.569s] Level 1:colcon.colcon_core.package_identification:_identify(src) by extension 'colcon_pkg'
[0.569s] Level 1:colcon.colcon_core.package_identification:_identify(src) by extensions ['colcon_meta']
[0.570s] Level 1:colcon.colcon_core.package_identification:_identify(src) by extension 'colcon_meta'
[0.570s] Level 1:colcon.colcon_core.package_identification:_identify(src) by extensions ['ros']
[0.570s] Level 1:colcon.colcon_core.package_identification:_identify(src) by extension 'ros'
[0.570s] Level 1:colcon.colcon_core.package_identification:_identify(src) by extensions ['cmake', 'python']
[0.570s] Level 1:colcon.colcon_core.package_identification:_identify(src) by extension 'cmake'
[0.570s] Level 1:colcon.colcon_core.package_identification:_identify(src) by extension 'python'
[0.570s] Level 1:colcon.colcon_core.package_identification:_identify(src) by extensions ['python_setup_py']
[0.571s] Level 1:colcon.colcon_core.package_identification:_identify(src) by extension 'python_setup_py'
[0.571s] Level 1:colcon.colcon_core.package_identification:_identify(src/camera_turtlebot) by extensions ['ignore', 'ignore_ament_install']
[0.571s] Level 1:colcon.colcon_core.package_identification:_identify(src/camera_turtlebot) by extension 'ignore'
[0.571s] Level 1:colcon.colcon_core.package_identification:_identify(src/camera_turtlebot) by extension 'ignore_ament_install'
[0.572s] Level 1:colcon.colcon_core.package_identification:_identify(src/camera_turtlebot) by extensions ['colcon_pkg']
[0.572s] Level 1:colcon.colcon_core.package_identification:_identify(src/camera_turtlebot) by extension 'colcon_pkg'
[0.572s] Level 1:colcon.colcon_core.package_identification:_identify(src/camera_turtlebot) by extensions ['colcon_meta']
[0.572s] Level 1:colcon.colcon_core.package_identification:_identify(src/camera_turtlebot) by extension 'colcon_meta'
[0.572s] Level 1:colcon.colcon_core.package_identification:_identify(src/camera_turtlebot) by extensions ['ros']
[0.572s] Level 1:colcon.colcon_core.package_identification:_identify(src/camera_turtlebot) by extension 'ros'
[0.586s] DEBUG:colcon.colcon_core.package_identification:Package 'src/camera_turtlebot' with type 'ros.ament_python' and name 'camera_turtlebot'
[0.587s] Level 1:colcon.colcon_core.package_identification:_identify(src/image_display) by extensions ['ignore', 'ignore_ament_install']
[0.587s] Level 1:colcon.colcon_core.package_identification:_identify(src/image_display) by extension 'ignore'
[0.587s] Level 1:colcon.colcon_core.package_identification:_identify(src/image_display) by extension 'ignore_ament_install'
[0.587s] Level 1:colcon.colcon_core.package_identification:_identify(src/image_display) by extensions ['colcon_pkg']
[0.587s] Level 1:colcon.colcon_core.package_identification:_identify(src/image_display) by extension 'colcon_pkg'
[0.588s] Level 1:colcon.colcon_core.package_identification:_identify(src/image_display) by extensions ['colcon_meta']
[0.588s] Level 1:colcon.colcon_core.package_identification:_identify(src/image_display) by extension 'colcon_meta'
[0.588s] Level 1:colcon.colcon_core.package_identification:_identify(src/image_display) by extensions ['ros']
[0.588s] Level 1:colcon.colcon_core.package_identification:_identify(src/image_display) by extension 'ros'
[0.590s] DEBUG:colcon.colcon_core.package_identification:Package 'src/image_display' with type 'ros.ament_python' and name 'image_display'
[0.590s] Level 1:colcon.colcon_core.package_discovery:discover_packages(recursive) using defaults
[0.590s] Level 1:colcon.colcon_core.package_discovery:discover_packages(ignore) discover
[0.590s] Level 1:colcon.colcon_core.package_discovery:discover_packages(ignore) using defaults
[0.590s] Level 1:colcon.colcon_core.package_discovery:discover_packages(path) discover
[0.590s] Level 1:colcon.colcon_core.package_discovery:discover_packages(path) using defaults
[0.676s] Level 1:colcon.colcon_core.package_discovery:discover_packages(prefix_path) check parameters
[0.676s] Level 1:colcon.colcon_core.package_discovery:discover_packages(prefix_path) discover
[0.686s] DEBUG:colcon.colcon_installed_package_information.package_discovery:Found 0 installed packages in /home/nils/colcon_ws/install
[0.696s] DEBUG:colcon.colcon_installed_package_information.package_discovery:Found 332 installed packages in /opt/ros/foxy
[0.714s] Level 1:colcon.colcon_core.package_discovery:discover_packages(prefix_path) using defaults
[1.051s] Level 5:colcon.colcon_core.verb:set package 'camera_turtlebot' build argument 'cmake_args' from command line to 'None'
[1.051s] Level 5:colcon.colcon_core.verb:set package 'camera_turtlebot' build argument 'cmake_target' from command line to 'None'
[1.051s] Level 5:colcon.colcon_core.verb:set package 'camera_turtlebot' build argument 'cmake_target_skip_unavailable' from command line to 'False'
[1.052s] Level 5:colcon.colcon_core.verb:set package 'camera_turtlebot' build argument 'cmake_clean_cache' from command line to 'False'
[1.052s] Level 5:colcon.colcon_core.verb:set package 'camera_turtlebot' build argument 'cmake_clean_first' from command line to 'False'
[1.052s] Level 5:colcon.colcon_core.verb:set package 'camera_turtlebot' build argument 'cmake_force_configure' from command line to 'False'
[1.052s] Level 5:colcon.colcon_core.verb:set package 'camera_turtlebot' build argument 'ament_cmake_args' from command line to 'None'
[1.052s] Level 5:colcon.colcon_core.verb:set package 'camera_turtlebot' build argument 'catkin_cmake_args' from command line to 'None'
[1.052s] Level 5:colcon.colcon_core.verb:set package 'camera_turtlebot' build argument 'catkin_skip_building_tests' from command line to 'False'
[1.052s] DEBUG:colcon.colcon_core.verb:Building package 'camera_turtlebot' with the following arguments: {'ament_cmake_args': None, 'build_base': '/home/nils/allassignments-gruppe-e/Assignment01_ws/build/camera_turtlebot', 'catkin_cmake_args': None, 'catkin_skip_building_tests': False, 'cmake_args': None, 'cmake_clean_cache': False, 'cmake_clean_first': False, 'cmake_force_configure': False, 'cmake_target': None, 'cmake_target_skip_unavailable': False, 'install_base': '/home/nils/allassignments-gruppe-e/Assignment01_ws/install/camera_turtlebot', 'merge_install': False, 'path': '/home/nils/allassignments-gruppe-e/Assignment01_ws/src/camera_turtlebot', 'symlink_install': False, 'test_result_base': None}
[1.054s] Level 5:colcon.colcon_core.verb:set package 'image_display' build argument 'cmake_args' from command line to 'None'
[1.054s] Level 5:colcon.colcon_core.verb:set package 'image_display' build argument 'cmake_target' from command line to 'None'
[1.054s] Level 5:colcon.colcon_core.verb:set package 'image_display' build argument 'cmake_target_skip_unavailable' from command line to 'False'
[1.055s] Level 5:colcon.colcon_core.verb:set package 'image_display' build argument 'cmake_clean_cache' from command line to 'False'
[1.055s] Level 5:colcon.colcon_core.verb:set package 'image_display' build argument 'cmake_clean_first' from command line to 'False'
[1.055s] Level 5:colcon.colcon_core.verb:set package 'image_display' build argument 'cmake_force_configure' from command line to 'False'
[1.055s] Level 5:colcon.colcon_core.verb:set package 'image_display' build argument 'ament_cmake_args' from command line to 'None'
[1.055s] Level 5:colcon.colcon_core.verb:set package 'image_display' build argument 'catkin_cmake_args' from command line to 'None'
[1.055s] Level 5:colcon.colcon_core.verb:set package 'image_display' build argument 'catkin_skip_building_tests' from command line to 'False'
[1.055s] DEBUG:colcon.colcon_core.verb:Building package 'image_display' with the following arguments: {'ament_cmake_args': None, 'build_base': '/home/nils/allassignments-gruppe-e/Assignment01_ws/build/image_display', 'catkin_cmake_args': None, 'catkin_skip_building_tests': False, 'cmake_args': None, 'cmake_clean_cache': False, 'cmake_clean_first': False, 'cmake_force_configure': False, 'cmake_target': None, 'cmake_target_skip_unavailable': False, 'install_base': '/home/nils/allassignments-gruppe-e/Assignment01_ws/install/image_display', 'merge_install': False, 'path': '/home/nils/allassignments-gruppe-e/Assignment01_ws/src/image_display', 'symlink_install': False, 'test_result_base': None}
[1.056s] INFO:colcon.colcon_core.executor:Executing jobs using 'parallel' executor
[1.061s] DEBUG:colcon.colcon_parallel_executor.executor.parallel:run_until_complete
[1.062s] INFO:colcon.colcon_ros.task.ament_python.build:Building ROS package in '/home/nils/allassignments-gruppe-e/Assignment01_ws/src/camera_turtlebot' with build type 'ament_python'
[1.062s] Level 1:colcon.colcon_core.shell:create_environment_hook('camera_turtlebot', 'ament_prefix_path')
[1.072s] INFO:colcon.colcon_core.plugin_system:Skipping extension 'colcon_core.shell.bat': Not used on non-Windows systems
[1.072s] INFO:colcon.colcon_core.shell:Creating environment hook '/home/nils/allassignments-gruppe-e/Assignment01_ws/install/camera_turtlebot/share/camera_turtlebot/hook/ament_prefix_path.ps1'
[1.074s] INFO:colcon.colcon_core.shell:Creating environment descriptor '/home/nils/allassignments-gruppe-e/Assignment01_ws/install/camera_turtlebot/share/camera_turtlebot/hook/ament_prefix_path.dsv'
[1.076s] INFO:colcon.colcon_core.shell:Creating environment hook '/home/nils/allassignments-gruppe-e/Assignment01_ws/install/camera_turtlebot/share/camera_turtlebot/hook/ament_prefix_path.sh'
[1.089s] INFO:colcon.colcon_core.shell:Skip shell extension 'powershell' for command environment: Not usable outside of PowerShell
[1.089s] DEBUG:colcon.colcon_core.shell:Skip shell extension 'dsv' for command environment
[2.286s] INFO:colcon.colcon_core.task.python.build:Building Python package in '/home/nils/allassignments-gruppe-e/Assignment01_ws/src/camera_turtlebot'
[2.293s] INFO:colcon.colcon_core.shell:Skip shell extension 'powershell' for command environment: Not usable outside of PowerShell
[2.296s] DEBUG:colcon.colcon_core.shell:Skip shell extension 'dsv' for command environment
[3.773s] DEBUG:colcon.colcon_core.event_handler.log_command:Invoking command in '/home/nils/allassignments-gruppe-e/Assignment01_ws/src/camera_turtlebot': PYTHONPATH=/home/nils/allassignments-gruppe-e/Assignment01_ws/install/camera_turtlebot/lib/python3.8/site-packages:${PYTHONPATH} /usr/bin/python3 setup.py egg_info --egg-base ../../build/camera_turtlebot build --build-base /home/nils/allassignments-gruppe-e/Assignment01_ws/build/camera_turtlebot/build install --prefix /home/nils/allassignments-gruppe-e/Assignment01_ws/install/camera_turtlebot --record /home/nils/allassignments-gruppe-e/Assignment01_ws/build/camera_turtlebot/install.log --single-version-externally-managed
[4.842s] DEBUG:colcon.colcon_core.event_handler.log_command:Invoked command in '/home/nils/allassignments-gruppe-e/Assignment01_ws/src/camera_turtlebot' returned '0': PYTHONPATH=/home/nils/allassignments-gruppe-e/Assignment01_ws/install/camera_turtlebot/lib/python3.8/site-packages:${PYTHONPATH} /usr/bin/python3 setup.py egg_info --egg-base ../../build/camera_turtlebot build --build-base /home/nils/allassignments-gruppe-e/Assignment01_ws/build/camera_turtlebot/build install --prefix /home/nils/allassignments-gruppe-e/Assignment01_ws/install/camera_turtlebot --record /home/nils/allassignments-gruppe-e/Assignment01_ws/build/camera_turtlebot/install.log --single-version-externally-managed
[4.863s] Level 1:colcon.colcon_core.environment:checking '/home/nils/allassignments-gruppe-e/Assignment01_ws/install/camera_turtlebot' for CMake module files
[4.865s] Level 1:colcon.colcon_core.environment:checking '/home/nils/allassignments-gruppe-e/Assignment01_ws/install/camera_turtlebot' for CMake config files
[4.869s] Level 1:colcon.colcon_core.environment:checking '/home/nils/allassignments-gruppe-e/Assignment01_ws/install/camera_turtlebot/lib'
[4.870s] Level 1:colcon.colcon_core.environment:checking '/home/nils/allassignments-gruppe-e/Assignment01_ws/install/camera_turtlebot/bin'
[4.870s] Level 1:colcon.colcon_core.environment:checking '/home/nils/allassignments-gruppe-e/Assignment01_ws/install/camera_turtlebot/lib/pkgconfig/camera_turtlebot.pc'
[4.871s] Level 1:colcon.colcon_core.environment:checking '/home/nils/allassignments-gruppe-e/Assignment01_ws/install/camera_turtlebot/lib/python3.8/site-packages'
[4.871s] Level 1:colcon.colcon_core.shell:create_environment_hook('camera_turtlebot', 'pythonpath')
[4.872s] INFO:colcon.colcon_core.shell:Creating environment hook '/home/nils/allassignments-gruppe-e/Assignment01_ws/install/camera_turtlebot/share/camera_turtlebot/hook/pythonpath.ps1'
[4.874s] INFO:colcon.colcon_core.shell:Creating environment descriptor '/home/nils/allassignments-gruppe-e/Assignment01_ws/install/camera_turtlebot/share/camera_turtlebot/hook/pythonpath.dsv'
[4.875s] INFO:colcon.colcon_core.shell:Creating environment hook '/home/nils/allassignments-gruppe-e/Assignment01_ws/install/camera_turtlebot/share/camera_turtlebot/hook/pythonpath.sh'
[4.877s] Level 1:colcon.colcon_core.environment:create_environment_scripts_only(camera_turtlebot)
[4.879s] INFO:colcon.colcon_core.shell:Creating package script '/home/nils/allassignments-gruppe-e/Assignment01_ws/install/camera_turtlebot/share/camera_turtlebot/package.ps1'
[4.883s] INFO:colcon.colcon_core.shell:Creating package descriptor '/home/nils/allassignments-gruppe-e/Assignment01_ws/install/camera_turtlebot/share/camera_turtlebot/package.dsv'
[4.886s] INFO:colcon.colcon_core.shell:Creating package script '/home/nils/allassignments-gruppe-e/Assignment01_ws/install/camera_turtlebot/share/camera_turtlebot/package.sh'
[4.889s] INFO:colcon.colcon_core.shell:Creating package script '/home/nils/allassignments-gruppe-e/Assignment01_ws/install/camera_turtlebot/share/camera_turtlebot/package.bash'
[4.892s] INFO:colcon.colcon_core.shell:Creating package script '/home/nils/allassignments-gruppe-e/Assignment01_ws/install/camera_turtlebot/share/camera_turtlebot/package.zsh'
[4.894s] Level 1:colcon.colcon_core.environment:create_file_with_runtime_dependencies(/home/nils/allassignments-gruppe-e/Assignment01_ws/install/camera_turtlebot/share/colcon-core/packages/camera_turtlebot)
[4.898s] INFO:colcon.colcon_ros.task.ament_python.build:Building ROS package in '/home/nils/allassignments-gruppe-e/Assignment01_ws/src/image_display' with build type 'ament_python'
[4.899s] Level 1:colcon.colcon_core.shell:create_environment_hook('image_display', 'ament_prefix_path')
[4.901s] INFO:colcon.colcon_core.shell:Creating environment hook '/home/nils/allassignments-gruppe-e/Assignment01_ws/install/image_display/share/image_display/hook/ament_prefix_path.ps1'
[4.902s] INFO:colcon.colcon_core.shell:Creating environment descriptor '/home/nils/allassignments-gruppe-e/Assignment01_ws/install/image_display/share/image_display/hook/ament_prefix_path.dsv'
[4.903s] INFO:colcon.colcon_core.shell:Creating environment hook '/home/nils/allassignments-gruppe-e/Assignment01_ws/install/image_display/share/image_display/hook/ament_prefix_path.sh'
[4.907s] INFO:colcon.colcon_core.shell:Skip shell extension 'powershell' for command environment: Not usable outside of PowerShell
[4.907s] DEBUG:colcon.colcon_core.shell:Skip shell extension 'dsv' for command environment
[5.837s] INFO:colcon.colcon_core.task.python.build:Building Python package in '/home/nils/allassignments-gruppe-e/Assignment01_ws/src/image_display'
[5.840s] INFO:colcon.colcon_core.shell:Skip shell extension 'powershell' for command environment: Not usable outside of PowerShell
[5.840s] DEBUG:colcon.colcon_core.shell:Skip shell extension 'dsv' for command environment
[7.142s] DEBUG:colcon.colcon_core.event_handler.log_command:Invoking command in '/home/nils/allassignments-gruppe-e/Assignment01_ws/src/image_display': PYTHONPATH=/home/nils/allassignments-gruppe-e/Assignment01_ws/install/image_display/lib/python3.8/site-packages:${PYTHONPATH} /usr/bin/python3 setup.py egg_info --egg-base ../../build/image_display build --build-base /home/nils/allassignments-gruppe-e/Assignment01_ws/build/image_display/build install --prefix /home/nils/allassignments-gruppe-e/Assignment01_ws/install/image_display --record /home/nils/allassignments-gruppe-e/Assignment01_ws/build/image_display/install.log --single-version-externally-managed
[8.161s] Level 1:colcon.colcon_core.environment:checking '/home/nils/allassignments-gruppe-e/Assignment01_ws/install/image_display' for CMake module files
[8.163s] DEBUG:colcon.colcon_core.event_handler.log_command:Invoked command in '/home/nils/allassignments-gruppe-e/Assignment01_ws/src/image_display' returned '0': PYTHONPATH=/home/nils/allassignments-gruppe-e/Assignment01_ws/install/image_display/lib/python3.8/site-packages:${PYTHONPATH} /usr/bin/python3 setup.py egg_info --egg-base ../../build/image_display build --build-base /home/nils/allassignments-gruppe-e/Assignment01_ws/build/image_display/build install --prefix /home/nils/allassignments-gruppe-e/Assignment01_ws/install/image_display --record /home/nils/allassignments-gruppe-e/Assignment01_ws/build/image_display/install.log --single-version-externally-managed
[8.165s] Level 1:colcon.colcon_core.environment:checking '/home/nils/allassignments-gruppe-e/Assignment01_ws/install/image_display' for CMake config files
[8.167s] Level 1:colcon.colcon_core.environment:checking '/home/nils/allassignments-gruppe-e/Assignment01_ws/install/image_display/lib'
[8.167s] Level 1:colcon.colcon_core.environment:checking '/home/nils/allassignments-gruppe-e/Assignment01_ws/install/image_display/bin'
[8.167s] Level 1:colcon.colcon_core.environment:checking '/home/nils/allassignments-gruppe-e/Assignment01_ws/install/image_display/lib/pkgconfig/image_display.pc'
[8.168s] Level 1:colcon.colcon_core.environment:checking '/home/nils/allassignments-gruppe-e/Assignment01_ws/install/image_display/lib/python3.8/site-packages'
[8.169s] Level 1:colcon.colcon_core.shell:create_environment_hook('image_display', 'pythonpath')
[8.170s] INFO:colcon.colcon_core.shell:Creating environment hook '/home/nils/allassignments-gruppe-e/Assignment01_ws/install/image_display/share/image_display/hook/pythonpath.ps1'
[8.171s] INFO:colcon.colcon_core.shell:Creating environment descriptor '/home/nils/allassignments-gruppe-e/Assignment01_ws/install/image_display/share/image_display/hook/pythonpath.dsv'
[8.172s] INFO:colcon.colcon_core.shell:Creating environment hook '/home/nils/allassignments-gruppe-e/Assignment01_ws/install/image_display/share/image_display/hook/pythonpath.sh'
[8.174s] Level 1:colcon.colcon_core.environment:create_environment_scripts_only(image_display)
[8.175s] INFO:colcon.colcon_core.shell:Creating package script '/home/nils/allassignments-gruppe-e/Assignment01_ws/install/image_display/share/image_display/package.ps1'
[8.177s] INFO:colcon.colcon_core.shell:Creating package descriptor '/home/nils/allassignments-gruppe-e/Assignment01_ws/install/image_display/share/image_display/package.dsv'
[8.182s] INFO:colcon.colcon_core.shell:Creating package script '/home/nils/allassignments-gruppe-e/Assignment01_ws/install/image_display/share/image_display/package.sh'
[8.185s] INFO:colcon.colcon_core.shell:Creating package script '/home/nils/allassignments-gruppe-e/Assignment01_ws/install/image_display/share/image_display/package.bash'
[8.186s] INFO:colcon.colcon_core.shell:Creating package script '/home/nils/allassignments-gruppe-e/Assignment01_ws/install/image_display/share/image_display/package.zsh'
[8.189s] Level 1:colcon.colcon_core.environment:create_file_with_runtime_dependencies(/home/nils/allassignments-gruppe-e/Assignment01_ws/install/image_display/share/colcon-core/packages/image_display)
[8.191s] DEBUG:colcon.colcon_parallel_executor.executor.parallel:closing loop
[8.192s] DEBUG:colcon.colcon_parallel_executor.executor.parallel:loop closed
[8.192s] DEBUG:colcon.colcon_parallel_executor.executor.parallel:run_until_complete finished with '0'
[8.192s] DEBUG:colcon.colcon_core.event_reactor:joining thread
[8.207s] INFO:colcon.colcon_core.plugin_system:Skipping extension 'colcon_notification.desktop_notification.terminal_notifier': Not used on non-Darwin systems
[8.207s] INFO:colcon.colcon_core.plugin_system:Skipping extension 'colcon_notification.desktop_notification.win32': Not used on non-Windows systems
[8.208s] INFO:colcon.colcon_notification.desktop_notification:Sending desktop notification using 'notify2'
[8.274s] DEBUG:colcon.colcon_core.event_reactor:joined thread
[8.277s] INFO:colcon.colcon_core.shell:Creating prefix script '/home/nils/allassignments-gruppe-e/Assignment01_ws/install/local_setup.ps1'
[8.284s] INFO:colcon.colcon_core.shell:Creating prefix util module '/home/nils/allassignments-gruppe-e/Assignment01_ws/install/_local_setup_util_ps1.py'
[8.293s] INFO:colcon.colcon_core.shell:Creating prefix chain script '/home/nils/allassignments-gruppe-e/Assignment01_ws/install/setup.ps1'
[8.301s] INFO:colcon.colcon_core.shell:Creating prefix script '/home/nils/allassignments-gruppe-e/Assignment01_ws/install/local_setup.sh'
[8.304s] INFO:colcon.colcon_core.shell:Creating prefix util module '/home/nils/allassignments-gruppe-e/Assignment01_ws/install/_local_setup_util_sh.py'
[8.308s] INFO:colcon.colcon_core.shell:Creating prefix chain script '/home/nils/allassignments-gruppe-e/Assignment01_ws/install/setup.sh'
[8.316s] INFO:colcon.colcon_core.shell:Creating prefix script '/home/nils/allassignments-gruppe-e/Assignment01_ws/install/local_setup.bash'
[8.318s] INFO:colcon.colcon_core.shell:Creating prefix chain script '/home/nils/allassignments-gruppe-e/Assignment01_ws/install/setup.bash'
[8.324s] INFO:colcon.colcon_core.shell:Creating prefix script '/home/nils/allassignments-gruppe-e/Assignment01_ws/install/local_setup.zsh'
[8.328s] INFO:colcon.colcon_core.shell:Creating prefix chain script '/home/nils/allassignments-gruppe-e/Assignment01_ws/install/setup.zsh'
