[2.125s] Invoking command in '/home/nils/allassignments-gruppe-e/Assignment01_ws/src/image_display': PYTHONPATH=/home/nils/allassignments-gruppe-e/Assignment01_ws/install/image_display/lib/python3.8/site-packages:${PYTHONPATH} /usr/bin/python3 setup.py egg_info --egg-base ../../build/image_display build --build-base /home/nils/allassignments-gruppe-e/Assignment01_ws/build/image_display/build install --prefix /home/nils/allassignments-gruppe-e/Assignment01_ws/install/image_display --record /home/nils/allassignments-gruppe-e/Assignment01_ws/build/image_display/install.log --single-version-externally-managed
[2.820s] running egg_info
[2.822s] writing ../../build/image_display/image_display.egg-info/PKG-INFO
[2.823s] writing dependency_links to ../../build/image_display/image_display.egg-info/dependency_links.txt
[2.825s] writing entry points to ../../build/image_display/image_display.egg-info/entry_points.txt
[2.827s] writing requirements to ../../build/image_display/image_display.egg-info/requires.txt
[2.828s] writing top-level names to ../../build/image_display/image_display.egg-info/top_level.txt
[2.971s] reading manifest file '../../build/image_display/image_display.egg-info/SOURCES.txt'
[2.983s] writing manifest file '../../build/image_display/image_display.egg-info/SOURCES.txt'
[2.984s] running build
[2.986s] running build_py
[2.988s] running install
[2.992s] running install_lib
[2.998s] running install_data
[3.000s] running install_egg_info
[3.005s] removing '/home/nils/allassignments-gruppe-e/Assignment01_ws/install/image_display/lib/python3.8/site-packages/image_display-0.0.0-py3.8.egg-info' (and everything under it)
[3.011s] Copying ../../build/image_display/image_display.egg-info to /home/nils/allassignments-gruppe-e/Assignment01_ws/install/image_display/lib/python3.8/site-packages/image_display-0.0.0-py3.8.egg-info
[3.014s] running install_scripts
[3.069s] Installing display script to /home/nils/allassignments-gruppe-e/Assignment01_ws/install/image_display/lib/image_display
[3.072s] writing list of installed files to '/home/nils/allassignments-gruppe-e/Assignment01_ws/build/image_display/install.log'
[3.130s] Invoked command in '/home/nils/allassignments-gruppe-e/Assignment01_ws/src/image_display' returned '0': PYTHONPATH=/home/nils/allassignments-gruppe-e/Assignment01_ws/install/image_display/lib/python3.8/site-packages:${PYTHONPATH} /usr/bin/python3 setup.py egg_info --egg-base ../../build/image_display build --build-base /home/nils/allassignments-gruppe-e/Assignment01_ws/build/image_display/build install --prefix /home/nils/allassignments-gruppe-e/Assignment01_ws/install/image_display --record /home/nils/allassignments-gruppe-e/Assignment01_ws/build/image_display/install.log --single-version-externally-managed
