[2.055s] Invoking command in '/home/nils/allassignments-gruppe-e/Assignment01_ws/src/image_display': PYTHONPATH=/home/nils/allassignments-gruppe-e/Assignment01_ws/install/image_display/lib/python3.8/site-packages:${PYTHONPATH} /usr/bin/python3 setup.py egg_info --egg-base ../../build/image_display build --build-base /home/nils/allassignments-gruppe-e/Assignment01_ws/build/image_display/build install --prefix /home/nils/allassignments-gruppe-e/Assignment01_ws/install/image_display --record /home/nils/allassignments-gruppe-e/Assignment01_ws/build/image_display/install.log --single-version-externally-managed
[2.736s] running egg_info
[2.739s] writing ../../build/image_display/image_display.egg-info/PKG-INFO
[2.742s] writing dependency_links to ../../build/image_display/image_display.egg-info/dependency_links.txt
[2.744s] writing entry points to ../../build/image_display/image_display.egg-info/entry_points.txt
[2.745s] writing requirements to ../../build/image_display/image_display.egg-info/requires.txt
[2.746s] writing top-level names to ../../build/image_display/image_display.egg-info/top_level.txt
[2.887s] reading manifest file '../../build/image_display/image_display.egg-info/SOURCES.txt'
[2.890s] writing manifest file '../../build/image_display/image_display.egg-info/SOURCES.txt'
[2.891s] running build
[2.891s] running build_py
[2.893s] running install
[2.895s] running install_lib
[2.899s] running install_data
[2.901s] running install_egg_info
[2.906s] removing '/home/nils/allassignments-gruppe-e/Assignment01_ws/install/image_display/lib/python3.8/site-packages/image_display-0.0.0-py3.8.egg-info' (and everything under it)
[2.914s] Copying ../../build/image_display/image_display.egg-info to /home/nils/allassignments-gruppe-e/Assignment01_ws/install/image_display/lib/python3.8/site-packages/image_display-0.0.0-py3.8.egg-info
[2.918s] running install_scripts
[2.974s] Installing display script to /home/nils/allassignments-gruppe-e/Assignment01_ws/install/image_display/lib/image_display
[2.976s] writing list of installed files to '/home/nils/allassignments-gruppe-e/Assignment01_ws/build/image_display/install.log'
[3.044s] Invoked command in '/home/nils/allassignments-gruppe-e/Assignment01_ws/src/image_display' returned '0': PYTHONPATH=/home/nils/allassignments-gruppe-e/Assignment01_ws/install/image_display/lib/python3.8/site-packages:${PYTHONPATH} /usr/bin/python3 setup.py egg_info --egg-base ../../build/image_display build --build-base /home/nils/allassignments-gruppe-e/Assignment01_ws/build/image_display/build install --prefix /home/nils/allassignments-gruppe-e/Assignment01_ws/install/image_display --record /home/nils/allassignments-gruppe-e/Assignment01_ws/build/image_display/install.log --single-version-externally-managed
