running egg_info
creating build/perception/perception.egg-info
writing build/perception/perception.egg-info/PKG-INFO
writing dependency_links to build/perception/perception.egg-info/dependency_links.txt
writing entry points to build/perception/perception.egg-info/entry_points.txt
writing requirements to build/perception/perception.egg-info/requires.txt
writing top-level names to build/perception/perception.egg-info/top_level.txt
writing manifest file 'build/perception/perception.egg-info/SOURCES.txt'
reading manifest file 'build/perception/perception.egg-info/SOURCES.txt'
writing manifest file 'build/perception/perception.egg-info/SOURCES.txt'
running build
running build_py
creating /home/mte/projects/AVAI/allassignments-gruppe-e/Assignment03/perception/build/perception/build
creating /home/mte/projects/AVAI/allassignments-gruppe-e/Assignment03/perception/build/perception/build/lib
creating /home/mte/projects/AVAI/allassignments-gruppe-e/Assignment03/perception/build/perception/build/lib/perception
copying perception/__init__.py -> /home/mte/projects/AVAI/allassignments-gruppe-e/Assignment03/perception/build/perception/build/lib/perception
copying perception/cone_detection.py -> /home/mte/projects/AVAI/allassignments-gruppe-e/Assignment03/perception/build/perception/build/lib/perception
running install
running install_lib
creating /home/mte/projects/AVAI/allassignments-gruppe-e/Assignment03/perception/install/perception/lib/python3.8/site-packages/perception
copying /home/mte/projects/AVAI/allassignments-gruppe-e/Assignment03/perception/build/perception/build/lib/perception/__init__.py -> /home/mte/projects/AVAI/allassignments-gruppe-e/Assignment03/perception/install/perception/lib/python3.8/site-packages/perception
copying /home/mte/projects/AVAI/allassignments-gruppe-e/Assignment03/perception/build/perception/build/lib/perception/cone_detection.py -> /home/mte/projects/AVAI/allassignments-gruppe-e/Assignment03/perception/install/perception/lib/python3.8/site-packages/perception
byte-compiling /home/mte/projects/AVAI/allassignments-gruppe-e/Assignment03/perception/install/perception/lib/python3.8/site-packages/perception/__init__.py to __init__.cpython-38.pyc
byte-compiling /home/mte/projects/AVAI/allassignments-gruppe-e/Assignment03/perception/install/perception/lib/python3.8/site-packages/perception/cone_detection.py to cone_detection.cpython-38.pyc
running install_data
creating /home/mte/projects/AVAI/allassignments-gruppe-e/Assignment03/perception/install/perception/share/ament_index
creating /home/mte/projects/AVAI/allassignments-gruppe-e/Assignment03/perception/install/perception/share/ament_index/resource_index
creating /home/mte/projects/AVAI/allassignments-gruppe-e/Assignment03/perception/install/perception/share/ament_index/resource_index/packages
copying resource/perception -> /home/mte/projects/AVAI/allassignments-gruppe-e/Assignment03/perception/install/perception/share/ament_index/resource_index/packages
copying package.xml -> /home/mte/projects/AVAI/allassignments-gruppe-e/Assignment03/perception/install/perception/share/perception
running install_egg_info
Copying build/perception/perception.egg-info to /home/mte/projects/AVAI/allassignments-gruppe-e/Assignment03/perception/install/perception/lib/python3.8/site-packages/perception-0.0.0-py3.8.egg-info
running install_scripts
Installing cone_detection script to /home/mte/projects/AVAI/allassignments-gruppe-e/Assignment03/perception/install/perception/lib/perception
writing list of installed files to '/home/mte/projects/AVAI/allassignments-gruppe-e/Assignment03/perception/build/perception/install.log'
