[0.405s] Invoking command in '/home/mte/projects/AVAI/allassignments-gruppe-e/Assignment03/perception': PYTHONPATH=/home/mte/projects/AVAI/allassignments-gruppe-e/Assignment03/perception/install/perception/lib/python3.8/site-packages:${PYTHONPATH} /usr/bin/python3 setup.py egg_info --egg-base build/perception build --build-base /home/mte/projects/AVAI/allassignments-gruppe-e/Assignment03/perception/build/perception/build install --prefix /home/mte/projects/AVAI/allassignments-gruppe-e/Assignment03/perception/install/perception --record /home/mte/projects/AVAI/allassignments-gruppe-e/Assignment03/perception/build/perception/install.log --single-version-externally-managed
[0.555s] running egg_info
[0.555s] creating build/perception/perception.egg-info
[0.556s] writing build/perception/perception.egg-info/PKG-INFO
[0.556s] writing dependency_links to build/perception/perception.egg-info/dependency_links.txt
[0.556s] writing entry points to build/perception/perception.egg-info/entry_points.txt
[0.556s] writing requirements to build/perception/perception.egg-info/requires.txt
[0.557s] writing top-level names to build/perception/perception.egg-info/top_level.txt
[0.558s] writing manifest file 'build/perception/perception.egg-info/SOURCES.txt'
[0.587s] reading manifest file 'build/perception/perception.egg-info/SOURCES.txt'
[0.587s] writing manifest file 'build/perception/perception.egg-info/SOURCES.txt'
[0.587s] running build
[0.587s] running build_py
[0.587s] creating /home/mte/projects/AVAI/allassignments-gruppe-e/Assignment03/perception/build/perception/build
[0.588s] creating /home/mte/projects/AVAI/allassignments-gruppe-e/Assignment03/perception/build/perception/build/lib
[0.588s] creating /home/mte/projects/AVAI/allassignments-gruppe-e/Assignment03/perception/build/perception/build/lib/perception
[0.588s] copying perception/__init__.py -> /home/mte/projects/AVAI/allassignments-gruppe-e/Assignment03/perception/build/perception/build/lib/perception
[0.588s] copying perception/cone_detection.py -> /home/mte/projects/AVAI/allassignments-gruppe-e/Assignment03/perception/build/perception/build/lib/perception
[0.588s] running install
[0.589s] running install_lib
[0.590s] creating /home/mte/projects/AVAI/allassignments-gruppe-e/Assignment03/perception/install/perception/lib/python3.8/site-packages/perception
[0.590s] copying /home/mte/projects/AVAI/allassignments-gruppe-e/Assignment03/perception/build/perception/build/lib/perception/__init__.py -> /home/mte/projects/AVAI/allassignments-gruppe-e/Assignment03/perception/install/perception/lib/python3.8/site-packages/perception
[0.590s] copying /home/mte/projects/AVAI/allassignments-gruppe-e/Assignment03/perception/build/perception/build/lib/perception/cone_detection.py -> /home/mte/projects/AVAI/allassignments-gruppe-e/Assignment03/perception/install/perception/lib/python3.8/site-packages/perception
[0.591s] byte-compiling /home/mte/projects/AVAI/allassignments-gruppe-e/Assignment03/perception/install/perception/lib/python3.8/site-packages/perception/__init__.py to __init__.cpython-38.pyc
[0.592s] byte-compiling /home/mte/projects/AVAI/allassignments-gruppe-e/Assignment03/perception/install/perception/lib/python3.8/site-packages/perception/cone_detection.py to cone_detection.cpython-38.pyc
[0.593s] running install_data
[0.593s] creating /home/mte/projects/AVAI/allassignments-gruppe-e/Assignment03/perception/install/perception/share/ament_index
[0.593s] creating /home/mte/projects/AVAI/allassignments-gruppe-e/Assignment03/perception/install/perception/share/ament_index/resource_index
[0.594s] creating /home/mte/projects/AVAI/allassignments-gruppe-e/Assignment03/perception/install/perception/share/ament_index/resource_index/packages
[0.594s] copying resource/perception -> /home/mte/projects/AVAI/allassignments-gruppe-e/Assignment03/perception/install/perception/share/ament_index/resource_index/packages
[0.594s] copying package.xml -> /home/mte/projects/AVAI/allassignments-gruppe-e/Assignment03/perception/install/perception/share/perception
[0.594s] running install_egg_info
[0.596s] Copying build/perception/perception.egg-info to /home/mte/projects/AVAI/allassignments-gruppe-e/Assignment03/perception/install/perception/lib/python3.8/site-packages/perception-0.0.0-py3.8.egg-info
[0.597s] running install_scripts
[0.616s] Installing cone_detection script to /home/mte/projects/AVAI/allassignments-gruppe-e/Assignment03/perception/install/perception/lib/perception
[0.616s] writing list of installed files to '/home/mte/projects/AVAI/allassignments-gruppe-e/Assignment03/perception/build/perception/install.log'
[0.643s] Invoked command in '/home/mte/projects/AVAI/allassignments-gruppe-e/Assignment03/perception' returned '0': PYTHONPATH=/home/mte/projects/AVAI/allassignments-gruppe-e/Assignment03/perception/install/perception/lib/python3.8/site-packages:${PYTHONPATH} /usr/bin/python3 setup.py egg_info --egg-base build/perception build --build-base /home/mte/projects/AVAI/allassignments-gruppe-e/Assignment03/perception/build/perception/build install --prefix /home/mte/projects/AVAI/allassignments-gruppe-e/Assignment03/perception/install/perception --record /home/mte/projects/AVAI/allassignments-gruppe-e/Assignment03/perception/build/perception/install.log --single-version-externally-managed
