running egg_info
writing ../../build/camera_turtlebot/camera_turtlebot.egg-info/PKG-INFO
writing dependency_links to ../../build/camera_turtlebot/camera_turtlebot.egg-info/dependency_links.txt
writing entry points to ../../build/camera_turtlebot/camera_turtlebot.egg-info/entry_points.txt
writing requirements to ../../build/camera_turtlebot/camera_turtlebot.egg-info/requires.txt
writing top-level names to ../../build/camera_turtlebot/camera_turtlebot.egg-info/top_level.txt
reading manifest file '../../build/camera_turtlebot/camera_turtlebot.egg-info/SOURCES.txt'
writing manifest file '../../build/camera_turtlebot/camera_turtlebot.egg-info/SOURCES.txt'
running build
running build_py
copying camera_turtlebot/image_processing_node.py -> /home/mte/projects/AVAI/allassignments-gruppe-e/Assignment01_ws/build/camera_turtlebot/build/lib/camera_turtlebot
running install
running install_lib
copying /home/mte/projects/AVAI/allassignments-gruppe-e/Assignment01_ws/build/camera_turtlebot/build/lib/camera_turtlebot/image_processing_node.py -> /home/mte/projects/AVAI/allassignments-gruppe-e/Assignment01_ws/install/camera_turtlebot/lib/python3.8/site-packages/camera_turtlebot
byte-compiling /home/mte/projects/AVAI/allassignments-gruppe-e/Assignment01_ws/install/camera_turtlebot/lib/python3.8/site-packages/camera_turtlebot/image_processing_node.py to image_processing_node.cpython-38.pyc
running install_data
running install_egg_info
removing '/home/mte/projects/AVAI/allassignments-gruppe-e/Assignment01_ws/install/camera_turtlebot/lib/python3.8/site-packages/camera_turtlebot-0.0.0-py3.8.egg-info' (and everything under it)
Copying ../../build/camera_turtlebot/camera_turtlebot.egg-info to /home/mte/projects/AVAI/allassignments-gruppe-e/Assignment01_ws/install/camera_turtlebot/lib/python3.8/site-packages/camera_turtlebot-0.0.0-py3.8.egg-info
running install_scripts
Installing camera script to /home/mte/projects/AVAI/allassignments-gruppe-e/Assignment01_ws/install/camera_turtlebot/lib/camera_turtlebot
Installing processing script to /home/mte/projects/AVAI/allassignments-gruppe-e/Assignment01_ws/install/camera_turtlebot/lib/camera_turtlebot
writing list of installed files to '/home/mte/projects/AVAI/allassignments-gruppe-e/Assignment01_ws/build/camera_turtlebot/install.log'
