[2.122s] Invoking command in '/home/nils/allassignments-gruppe-e/Assignment01_ws/src/image_display': PYTHONPATH=/home/nils/allassignments-gruppe-e/Assignment01_ws/install/image_display/lib/python3.8/site-packages:${PYTHONPATH} /usr/bin/python3 setup.py egg_info --egg-base ../../build/image_display build --build-base /home/nils/allassignments-gruppe-e/Assignment01_ws/build/image_display/build install --prefix /home/nils/allassignments-gruppe-e/Assignment01_ws/install/image_display --record /home/nils/allassignments-gruppe-e/Assignment01_ws/build/image_display/install.log --single-version-externally-managed
[2.922s] running egg_info
[2.924s] writing ../../build/image_display/image_display.egg-info/PKG-INFO
[2.926s] writing dependency_links to ../../build/image_display/image_display.egg-info/dependency_links.txt
[2.928s] writing entry points to ../../build/image_display/image_display.egg-info/entry_points.txt
[2.929s] writing requirements to ../../build/image_display/image_display.egg-info/requires.txt
[2.929s] writing top-level names to ../../build/image_display/image_display.egg-info/top_level.txt
[3.075s] reading manifest file '../../build/image_display/image_display.egg-info/SOURCES.txt'
[3.079s] writing manifest file '../../build/image_display/image_display.egg-info/SOURCES.txt'
[3.080s] running build
[3.081s] running build_py
[3.082s] copying image_display/image_display_node.py -> /home/nils/allassignments-gruppe-e/Assignment01_ws/build/image_display/build/lib/image_display
[3.083s] running install
[3.085s] running install_lib
[3.088s] copying /home/nils/allassignments-gruppe-e/Assignment01_ws/build/image_display/build/lib/image_display/image_display_node.py -> /home/nils/allassignments-gruppe-e/Assignment01_ws/install/image_display/lib/python3.8/site-packages/image_display
[3.090s] byte-compiling /home/nils/allassignments-gruppe-e/Assignment01_ws/install/image_display/lib/python3.8/site-packages/image_display/image_display_node.py to image_display_node.cpython-38.pyc
[3.095s]   File "/home/nils/allassignments-gruppe-e/Assignment01_ws/install/image_display/lib/python3.8/site-packages/image_display/image_display_node.py", line 47
[3.097s]     elif parameter.name == "store_imgs":
[3.097s]     ^
[3.098s] SyntaxError: invalid syntax
[3.098s] 
[3.099s] running install_data
[3.101s] running install_egg_info
[3.105s] removing '/home/nils/allassignments-gruppe-e/Assignment01_ws/install/image_display/lib/python3.8/site-packages/image_display-0.0.0-py3.8.egg-info' (and everything under it)
[3.111s] Copying ../../build/image_display/image_display.egg-info to /home/nils/allassignments-gruppe-e/Assignment01_ws/install/image_display/lib/python3.8/site-packages/image_display-0.0.0-py3.8.egg-info
[3.115s] running install_scripts
[3.183s] Installing display script to /home/nils/allassignments-gruppe-e/Assignment01_ws/install/image_display/lib/image_display
[3.184s] writing list of installed files to '/home/nils/allassignments-gruppe-e/Assignment01_ws/build/image_display/install.log'
[3.244s] Invoked command in '/home/nils/allassignments-gruppe-e/Assignment01_ws/src/image_display' returned '0': PYTHONPATH=/home/nils/allassignments-gruppe-e/Assignment01_ws/install/image_display/lib/python3.8/site-packages:${PYTHONPATH} /usr/bin/python3 setup.py egg_info --egg-base ../../build/image_display build --build-base /home/nils/allassignments-gruppe-e/Assignment01_ws/build/image_display/build install --prefix /home/nils/allassignments-gruppe-e/Assignment01_ws/install/image_display --record /home/nils/allassignments-gruppe-e/Assignment01_ws/build/image_display/install.log --single-version-externally-managed
