running egg_info
writing ../build/perception/perception.egg-info/PKG-INFO
writing dependency_links to ../build/perception/perception.egg-info/dependency_links.txt
writing entry points to ../build/perception/perception.egg-info/entry_points.txt
writing requirements to ../build/perception/perception.egg-info/requires.txt
writing top-level names to ../build/perception/perception.egg-info/top_level.txt
reading manifest file '../build/perception/perception.egg-info/SOURCES.txt'
writing manifest file '../build/perception/perception.egg-info/SOURCES.txt'
running build
running build_py
copying perception/cone_detection_node.py -> /home/mte/projects/AVAI/allassignments-gruppe-e/Assignment03/build/perception/build/lib/perception
running install
running install_lib
copying /home/mte/projects/AVAI/allassignments-gruppe-e/Assignment03/build/perception/build/lib/perception/cone_detection_node.py -> /home/mte/projects/AVAI/allassignments-gruppe-e/Assignment03/install/perception/lib/python3.8/site-packages/perception
byte-compiling /home/mte/projects/AVAI/allassignments-gruppe-e/Assignment03/install/perception/lib/python3.8/site-packages/perception/cone_detection_node.py to cone_detection_node.cpython-38.pyc
running install_data
running install_egg_info
removing '/home/mte/projects/AVAI/allassignments-gruppe-e/Assignment03/install/perception/lib/python3.8/site-packages/perception-0.0.0-py3.8.egg-info' (and everything under it)
Copying ../build/perception/perception.egg-info to /home/mte/projects/AVAI/allassignments-gruppe-e/Assignment03/install/perception/lib/python3.8/site-packages/perception-0.0.0-py3.8.egg-info
running install_scripts
Installing cone_detection script to /home/mte/projects/AVAI/allassignments-gruppe-e/Assignment03/install/perception/lib/perception
writing list of installed files to '/home/mte/projects/AVAI/allassignments-gruppe-e/Assignment03/build/perception/install.log'
